#
# There is insufficient memory for the Java Runtime Environment to continue.
# Native memory allocation (mmap) failed to map 185597952 bytes. Error detail: G1 virtual space
# Possible reasons:
#   The system is out of physical RAM or swap space
#   This process is running with CompressedOops enabled, and the Java Heap may be blocking the growth of the native heap
# Possible solutions:
#   Reduce memory load on the system
#   Increase physical memory or swap space
#   Check if swap backing store is full
#   Decrease Java heap size (-Xmx/-Xms)
#   Decrease number of Java threads
#   Decrease Java thread stack sizes (-Xss)
#   Set larger code cache with -XX:ReservedCodeCacheSize=
#   JVM is running with Unscaled Compressed Oops mode in which the Java heap is
#     placed in the first 4GB address space. The Java Heap base address is the
#     maximum limit for the native heap growth. Please use -XX:HeapBaseMinAddress
#     to set the Java Heap base and to place the Java Heap above 4GB virtual address.
# This output file may be truncated or incomplete.
#
#  Out of Memory Error (os_windows.cpp:3616), pid=14332, tid=31484
#
# JRE version: OpenJDK Runtime Environment Temurin-21.0.5+11 (21.0.5+11) (build 21.0.5+11-LTS)
# Java VM: OpenJDK 64-Bit Server VM Temurin-21.0.5+11 (21.0.5+11-LTS, mixed mode, emulated-client, sharing, tiered, compressed oops, compressed class ptrs, g1 gc, windows-amd64)
# No core dump will be written. Minidumps are not enabled by default on client versions of Windows
#

---------------  S U M M A R Y ------------

Command Line: -Dcom.sun.management.jmxremote -Dcom.sun.management.jmxremote.port=51497 -Dcom.sun.management.jmxremote.authenticate=false -Dcom.sun.management.jmxremote.ssl=false -Djava.rmi.server.hostname=localhost -Dspring.jmx.enabled=true -Dmanagement.endpoints.jmx.exposure.include=* -Dspring.application.admin.enabled=true -XX:TieredStopAtLevel=1 -Dspring.boot.project.name=Pengtagon -Dfile.encoding=UTF-8 -Dstdout.encoding=UTF-8 -Dstderr.encoding=UTF-8 -XX:+ShowCodeDetailsInExceptionMessages com.pentagon.app.PengtagonApplication --spring.output.ansi.enabled=always

Host: 11th Gen Intel(R) Core(TM) i5-11300H @ 3.10GHz, 8 cores, 7G,  Windows 11 , 64 bit Build 22621 (10.0.22621.5124)
Time: Sun Jun  8 21:39:10 2025 India Standard Time elapsed time: 9.602697 seconds (0d 0h 0m 9s)

---------------  T H R E A D  ---------------

Current thread (0x000002cbffce58a0):  VMThread "VM Thread"          [id=31484, stack(0x000000f60c800000,0x000000f60c900000) (1024K)]

Stack: [0x000000f60c800000,0x000000f60c900000]
Native frames: (J=compiled Java code, j=interpreted, Vv=VM code, C=native code)
V  [jvm.dll+0x6cd4e9]
V  [jvm.dll+0x8a7941]
V  [jvm.dll+0x8a9e6e]
V  [jvm.dll+0x8aa543]
V  [jvm.dll+0x27f6d6]
V  [jvm.dll+0x6c9c25]
V  [jvm.dll+0x6be84a]
V  [jvm.dll+0x355c6a]
V  [jvm.dll+0x35d836]
V  [jvm.dll+0x3af40e]
V  [jvm.dll+0x3af6b8]
V  [jvm.dll+0x329dfc]
V  [jvm.dll+0x329e87]
V  [jvm.dll+0x36dc4c]
V  [jvm.dll+0x36c498]
V  [jvm.dll+0x3295c1]
V  [jvm.dll+0x36bb0a]
V  [jvm.dll+0x8b025f]
V  [jvm.dll+0x8b15e4]
V  [jvm.dll+0x8b1b20]
V  [jvm.dll+0x8b1dc3]
V  [jvm.dll+0x8514fb]
V  [jvm.dll+0x6cbbed]
C  [ucrtbase.dll+0x29333]
C  [KERNEL32.DLL+0x1259d]
C  [ntdll.dll+0x5af38]

VM_Operation (0x000000f60e4f5db0): G1CollectForAllocation, mode: safepoint, requested by thread 0x000002cbc9cfab90


---------------  P R O C E S S  ---------------

Threads class SMR info:
_java_thread_list=0x000002cbcaf6a730, length=25, elements={
0x000002cbf7e3ca60, 0x000002cbffcfae20, 0x000002cbffd05e50, 0x000002cbffd077a0,
0x000002cbffd09450, 0x000002cbffd0a270, 0x000002cbffd0af60, 0x000002cbffd10730,
0x000002cbc91b5950, 0x000002cbc91ba430, 0x000002cbc92081b0, 0x000002cbc97a58d0,
0x000002cbc97b8760, 0x000002cbc97d9420, 0x000002cbc9853db0, 0x000002cbc9852fd0,
0x000002cbc9bb3300, 0x000002cbc9c9d5d0, 0x000002cbc9c9dc30, 0x000002cbc9c9bea0,
0x000002cbc9cbef30, 0x000002cbc9cfab90, 0x000002cbc9cfc5d0, 0x000002cbc9cfcc60,
0x000002cbc9cfb220
}

Java Threads: ( => current thread )
  0x000002cbf7e3ca60 JavaThread "main"                              [_thread_blocked, id=27924, stack(0x000000f60c100000,0x000000f60c200000) (1024K)]
  0x000002cbffcfae20 JavaThread "Reference Handler"          daemon [_thread_blocked, id=29448, stack(0x000000f60c900000,0x000000f60ca00000) (1024K)]
  0x000002cbffd05e50 JavaThread "Finalizer"                  daemon [_thread_blocked, id=3772, stack(0x000000f60ca00000,0x000000f60cb00000) (1024K)]
  0x000002cbffd077a0 JavaThread "Signal Dispatcher"          daemon [_thread_blocked, id=2816, stack(0x000000f60cb00000,0x000000f60cc00000) (1024K)]
  0x000002cbffd09450 JavaThread "Attach Listener"            daemon [_thread_blocked, id=23348, stack(0x000000f60cc00000,0x000000f60cd00000) (1024K)]
  0x000002cbffd0a270 JavaThread "Service Thread"             daemon [_thread_blocked, id=23984, stack(0x000000f60cd00000,0x000000f60ce00000) (1024K)]
  0x000002cbffd0af60 JavaThread "Monitor Deflation Thread"   daemon [_thread_blocked, id=4408, stack(0x000000f60ce00000,0x000000f60cf00000) (1024K)]
  0x000002cbffd10730 JavaThread "C1 CompilerThread0"         daemon [_thread_blocked, id=30172, stack(0x000000f60cf00000,0x000000f60d000000) (1024K)]
  0x000002cbc91b5950 JavaThread "Common-Cleaner"             daemon [_thread_blocked, id=18652, stack(0x000000f60d000000,0x000000f60d100000) (1024K)]
  0x000002cbc91ba430 JavaThread "C1 CompilerThread1"         daemon [_thread_blocked, id=15036, stack(0x000000f60d100000,0x000000f60d200000) (1024K)]
  0x000002cbc92081b0 JavaThread "Notification Thread"        daemon [_thread_blocked, id=8324, stack(0x000000f60d200000,0x000000f60d300000) (1024K)]
  0x000002cbc97a58d0 JavaThread "RMI TCP Accept-0"           daemon [_thread_in_native, id=22584, stack(0x000000f60d300000,0x000000f60d400000) (1024K)]
  0x000002cbc97b8760 JavaThread "RMI TCP Accept-51497"       daemon [_thread_in_native, id=26312, stack(0x000000f60d400000,0x000000f60d500000) (1024K)]
  0x000002cbc97d9420 JavaThread "RMI TCP Accept-0"           daemon [_thread_in_native, id=120, stack(0x000000f60d500000,0x000000f60d600000) (1024K)]
  0x000002cbc9853db0 JavaThread "C1 CompilerThread2"         daemon [_thread_blocked, id=19240, stack(0x000000f60d600000,0x000000f60d700000) (1024K)]
  0x000002cbc9852fd0 JavaThread "C1 CompilerThread3"         daemon [_thread_blocked, id=18860, stack(0x000000f60d700000,0x000000f60d800000) (1024K)]
  0x000002cbc9bb3300 JavaThread "RMI TCP Connection(1)-127.0.0.1" daemon [_thread_in_native, id=16092, stack(0x000000f60df00000,0x000000f60e000000) (1024K)]
  0x000002cbc9c9d5d0 JavaThread "RMI Scheduler(0)"           daemon [_thread_blocked, id=9048, stack(0x000000f60e000000,0x000000f60e100000) (1024K)]
  0x000002cbc9c9dc30 JavaThread "RMI TCP Connection(2)-127.0.0.1" daemon [_thread_in_native, id=28732, stack(0x000000f60e100000,0x000000f60e200000) (1024K)]
  0x000002cbc9c9bea0 JavaThread "JMX server connection timeout 35" daemon [_thread_blocked, id=21260, stack(0x000000f60e200000,0x000000f60e300000) (1024K)]
  0x000002cbc9cbef30 JavaThread "Thread-0"                          [_thread_blocked, id=7400, stack(0x000000f60e300000,0x000000f60e400000) (1024K)]
  0x000002cbc9cfab90 JavaThread "restartedMain"                     [_thread_blocked, id=30928, stack(0x000000f60e400000,0x000000f60e500000) (1024K)]
  0x000002cbc9cfc5d0 JavaThread "mysql-cj-abandoned-connection-cleanup" daemon [_thread_blocked, id=25212, stack(0x000000f60e500000,0x000000f60e600000) (1024K)]
  0x000002cbc9cfcc60 JavaThread "HikariPool-1 housekeeper"   daemon [_thread_blocked, id=2172, stack(0x000000f60e800000,0x000000f60e900000) (1024K)]
  0x000002cbc9cfb220 JavaThread "HikariPool-1 connection adder" daemon [_thread_blocked, id=7556, stack(0x000000f60e900000,0x000000f60ea00000) (1024K)]
Total: 25

Other Threads:
=>0x000002cbffce58a0 VMThread "VM Thread"                           [id=31484, stack(0x000000f60c800000,0x000000f60c900000) (1024K)]
  0x000002cbffcd0ec0 WatcherThread "VM Periodic Task Thread"        [id=21720, stack(0x000000f60c700000,0x000000f60c800000) (1024K)]
  0x000002cbf7e94850 WorkerThread "GC Thread#0"                     [id=19820, stack(0x000000f60c200000,0x000000f60c300000) (1024K)]
  0x000002cbc9a33ec0 WorkerThread "GC Thread#1"                     [id=30108, stack(0x000000f60d800000,0x000000f60d900000) (1024K)]
  0x000002cbc9b1cbb0 WorkerThread "GC Thread#2"                     [id=11728, stack(0x000000f60d900000,0x000000f60da00000) (1024K)]
  0x000002cbc9bcef30 WorkerThread "GC Thread#3"                     [id=21804, stack(0x000000f60da00000,0x000000f60db00000) (1024K)]
  0x000002cbc9bcf2d0 WorkerThread "GC Thread#4"                     [id=2164, stack(0x000000f60db00000,0x000000f60dc00000) (1024K)]
  0x000002cbc9bcf670 WorkerThread "GC Thread#5"                     [id=3144, stack(0x000000f60dc00000,0x000000f60dd00000) (1024K)]
  0x000002cbc9bcfa10 WorkerThread "GC Thread#6"                     [id=20748, stack(0x000000f60dd00000,0x000000f60de00000) (1024K)]
  0x000002cbc9bd03d0 WorkerThread "GC Thread#7"                     [id=440, stack(0x000000f60de00000,0x000000f60df00000) (1024K)]
  0x000002cbf7ea5170 ConcurrentGCThread "G1 Main Marker"            [id=18960, stack(0x000000f60c300000,0x000000f60c400000) (1024K)]
  0x000002cbf7ea5c70 WorkerThread "G1 Conc#0"                       [id=29460, stack(0x000000f60c400000,0x000000f60c500000) (1024K)]
  0x000002cbca190910 WorkerThread "G1 Conc#1"                       [id=25352, stack(0x000000f60e600000,0x000000f60e700000) (1024K)]
  0x000002cbffba2b20 ConcurrentGCThread "G1 Refine#0"               [id=2524, stack(0x000000f60c500000,0x000000f60c600000) (1024K)]
  0x000002cbffba3df0 ConcurrentGCThread "G1 Service"                [id=29628, stack(0x000000f60c600000,0x000000f60c700000) (1024K)]
Total: 15

Threads with active compile tasks:
Total: 0

VM state: at safepoint (normal execution)

VM Mutex/Monitor currently owned by a thread:  ([mutex/lock_event])
[0x00007ffc0b43d380] Threads_lock - owner thread: 0x000002cbffce58a0
[0x00007ffc0b43d480] Heap_lock - owner thread: 0x000002cbc9cfab90

Heap address: 0x0000000083600000, size: 1994 MB, Compressed Oops mode: 32-bit

CDS archive(s) mapped at: [0x000002cb84000000-0x000002cb84c80000-0x000002cb84c80000), size 13107200, SharedBaseAddress: 0x000002cb84000000, ArchiveRelocationMode: 1.
Compressed class space mapped at: 0x000002cb85000000-0x000002cbc5000000, reserved size: 1073741824
Narrow klass base: 0x000002cb84000000, Narrow klass shift: 0, Narrow klass range: 0x100000000

GC Precious Log:
 CardTable entry size: 512
 Card Set container configuration: InlinePtr #cards 5 size 8 Array Of Cards #cards 12 size 40 Howl #buckets 4 coarsen threshold 1843 Howl Bitmap #cards 512 size 80 coarsen threshold 460 Card regions per heap region 1 cards per card region 2048
 CPUs: 8 total, 8 available
 Memory: 7975M
 Large Page Support: Disabled
 NUMA Support: Disabled
 Compressed Oops: Enabled (32-bit)
 Heap Region Size: 1M
 Heap Min Capacity: 8M
 Heap Initial Capacity: 126M
 Heap Max Capacity: 1994M
 Pre-touch: Disabled
 Parallel Workers: 8
 Concurrent Workers: 2
 Concurrent Refinement Workers: 8
 Periodic GC: Disabled

Heap:
 garbage-first heap   total 162816K, used 82877K [0x0000000083600000, 0x0000000100000000)
  region size 1024K, 7 young (7168K), 7 survivors (7168K)
 Metaspace       used 73453K, committed 74176K, reserved 1114112K
  class space    used 10525K, committed 10816K, reserved 1048576K

Heap Regions: E=young(eden), S=young(survivor), O=old, HS=humongous(starts), HC=humongous(continues), CS=collection set, F=free, TAMS=top-at-mark-start, PB=parsable bottom
|   0|0x0000000083600000, 0x0000000083700000, 0x0000000083700000|100%|HS|  |TAMS 0x0000000083600000| PB 0x0000000083600000| Complete 
|   1|0x0000000083700000, 0x0000000083800000, 0x0000000083800000|100%|HS|  |TAMS 0x0000000083700000| PB 0x0000000083700000| Complete 
|   2|0x0000000083800000, 0x0000000083900000, 0x0000000083900000|100%| O|  |TAMS 0x0000000083800000| PB 0x0000000083800000| Untracked 
|   3|0x0000000083900000, 0x0000000083a00000, 0x0000000083a00000|100%| O|  |TAMS 0x0000000083900000| PB 0x0000000083900000| Untracked 
|   4|0x0000000083a00000, 0x0000000083b00000, 0x0000000083b00000|100%| O|  |TAMS 0x0000000083a00000| PB 0x0000000083a00000| Untracked 
|   5|0x0000000083b00000, 0x0000000083c00000, 0x0000000083c00000|100%| O|  |TAMS 0x0000000083b00000| PB 0x0000000083b00000| Untracked 
|   6|0x0000000083c00000, 0x0000000083d00000, 0x0000000083d00000|100%| O|  |TAMS 0x0000000083c00000| PB 0x0000000083c00000| Untracked 
|   7|0x0000000083d00000, 0x0000000083e00000, 0x0000000083e00000|100%| O|  |TAMS 0x0000000083d00000| PB 0x0000000083d00000| Untracked 
|   8|0x0000000083e00000, 0x0000000083f00000, 0x0000000083f00000|100%| O|  |TAMS 0x0000000083e00000| PB 0x0000000083e00000| Untracked 
|   9|0x0000000083f00000, 0x0000000084000000, 0x0000000084000000|100%| O|  |TAMS 0x0000000083f00000| PB 0x0000000083f00000| Untracked 
|  10|0x0000000084000000, 0x0000000084100000, 0x0000000084100000|100%| O|  |TAMS 0x0000000084000000| PB 0x0000000084000000| Untracked 
|  11|0x0000000084100000, 0x0000000084200000, 0x0000000084200000|100%| O|  |TAMS 0x0000000084100000| PB 0x0000000084100000| Untracked 
|  12|0x0000000084200000, 0x0000000084300000, 0x0000000084300000|100%| O|  |TAMS 0x0000000084200000| PB 0x0000000084200000| Untracked 
|  13|0x0000000084300000, 0x0000000084400000, 0x0000000084400000|100%| O|  |TAMS 0x0000000084300000| PB 0x0000000084300000| Untracked 
|  14|0x0000000084400000, 0x0000000084500000, 0x0000000084500000|100%| O|  |TAMS 0x0000000084400000| PB 0x0000000084400000| Untracked 
|  15|0x0000000084500000, 0x0000000084600000, 0x0000000084600000|100%| O|  |TAMS 0x0000000084500000| PB 0x0000000084500000| Untracked 
|  16|0x0000000084600000, 0x0000000084700000, 0x0000000084700000|100%| O|  |TAMS 0x0000000084600000| PB 0x0000000084600000| Untracked 
|  17|0x0000000084700000, 0x0000000084800000, 0x0000000084800000|100%| O|  |TAMS 0x0000000084700000| PB 0x0000000084700000| Untracked 
|  18|0x0000000084800000, 0x0000000084900000, 0x0000000084900000|100%| O|  |TAMS 0x0000000084800000| PB 0x0000000084800000| Untracked 
|  19|0x0000000084900000, 0x0000000084a00000, 0x0000000084a00000|100%| O|  |TAMS 0x0000000084900000| PB 0x0000000084900000| Untracked 
|  20|0x0000000084a00000, 0x0000000084b00000, 0x0000000084b00000|100%| O|  |TAMS 0x0000000084a00000| PB 0x0000000084a00000| Untracked 
|  21|0x0000000084b00000, 0x0000000084c00000, 0x0000000084c00000|100%| O|  |TAMS 0x0000000084b00000| PB 0x0000000084b00000| Untracked 
|  22|0x0000000084c00000, 0x0000000084d00000, 0x0000000084d00000|100%| O|  |TAMS 0x0000000084c00000| PB 0x0000000084c00000| Untracked 
|  23|0x0000000084d00000, 0x0000000084e00000, 0x0000000084e00000|100%| O|  |TAMS 0x0000000084d00000| PB 0x0000000084d00000| Untracked 
|  24|0x0000000084e00000, 0x0000000084f00000, 0x0000000084f00000|100%| O|  |TAMS 0x0000000084e00000| PB 0x0000000084e00000| Untracked 
|  25|0x0000000084f00000, 0x0000000085000000, 0x0000000085000000|100%| O|  |TAMS 0x0000000084f00000| PB 0x0000000084f00000| Untracked 
|  26|0x0000000085000000, 0x0000000085100000, 0x0000000085100000|100%| O|  |TAMS 0x0000000085000000| PB 0x0000000085000000| Untracked 
|  27|0x0000000085100000, 0x0000000085200000, 0x0000000085200000|100%| O|  |TAMS 0x0000000085100000| PB 0x0000000085100000| Untracked 
|  28|0x0000000085200000, 0x0000000085300000, 0x0000000085300000|100%| O|  |TAMS 0x0000000085200000| PB 0x0000000085200000| Untracked 
|  29|0x0000000085300000, 0x0000000085400000, 0x0000000085400000|100%| O|  |TAMS 0x0000000085300000| PB 0x0000000085300000| Untracked 
|  30|0x0000000085400000, 0x0000000085500000, 0x0000000085500000|100%| O|  |TAMS 0x0000000085400000| PB 0x0000000085400000| Untracked 
|  31|0x0000000085500000, 0x0000000085600000, 0x0000000085600000|100%| O|  |TAMS 0x0000000085500000| PB 0x0000000085500000| Untracked 
|  32|0x0000000085600000, 0x0000000085700000, 0x0000000085700000|100%| O|  |TAMS 0x0000000085600000| PB 0x0000000085600000| Untracked 
|  33|0x0000000085700000, 0x0000000085700000, 0x0000000085800000|  0%| F|  |TAMS 0x0000000085700000| PB 0x0000000085700000| Untracked 
|  34|0x0000000085800000, 0x0000000085900000, 0x0000000085900000|100%| O|  |TAMS 0x0000000085800000| PB 0x0000000085800000| Untracked 
|  35|0x0000000085900000, 0x0000000085a00000, 0x0000000085a00000|100%| O|  |TAMS 0x0000000085900000| PB 0x0000000085900000| Untracked 
|  36|0x0000000085a00000, 0x0000000085a00000, 0x0000000085b00000|  0%| F|  |TAMS 0x0000000085a00000| PB 0x0000000085a00000| Untracked 
|  37|0x0000000085b00000, 0x0000000085c00000, 0x0000000085c00000|100%| O|  |TAMS 0x0000000085b00000| PB 0x0000000085b00000| Untracked 
|  38|0x0000000085c00000, 0x0000000085d00000, 0x0000000085d00000|100%| O|  |TAMS 0x0000000085c00000| PB 0x0000000085c00000| Untracked 
|  39|0x0000000085d00000, 0x0000000085d00000, 0x0000000085e00000|  0%| F|  |TAMS 0x0000000085d00000| PB 0x0000000085d00000| Untracked 
|  40|0x0000000085e00000, 0x0000000085f00000, 0x0000000085f00000|100%| O|  |TAMS 0x0000000085e00000| PB 0x0000000085e00000| Untracked 
|  41|0x0000000085f00000, 0x0000000085f00000, 0x0000000086000000|  0%| F|  |TAMS 0x0000000085f00000| PB 0x0000000085f00000| Untracked 
|  42|0x0000000086000000, 0x0000000086100000, 0x0000000086100000|100%| O|  |TAMS 0x0000000086000000| PB 0x0000000086000000| Untracked 
|  43|0x0000000086100000, 0x0000000086100000, 0x0000000086200000|  0%| F|  |TAMS 0x0000000086100000| PB 0x0000000086100000| Untracked 
|  44|0x0000000086200000, 0x0000000086300000, 0x0000000086300000|100%| O|  |TAMS 0x0000000086200000| PB 0x0000000086200000| Untracked 
|  45|0x0000000086300000, 0x0000000086400000, 0x0000000086400000|100%| O|  |TAMS 0x0000000086300000| PB 0x0000000086300000| Untracked 
|  46|0x0000000086400000, 0x0000000086500000, 0x0000000086500000|100%| O|  |TAMS 0x0000000086400000| PB 0x0000000086400000| Untracked 
|  47|0x0000000086500000, 0x0000000086600000, 0x0000000086600000|100%| O|  |TAMS 0x0000000086500000| PB 0x0000000086500000| Untracked 
|  48|0x0000000086600000, 0x0000000086700000, 0x0000000086700000|100%| O|  |TAMS 0x0000000086600000| PB 0x0000000086600000| Untracked 
|  49|0x0000000086700000, 0x0000000086800000, 0x0000000086800000|100%| O|  |TAMS 0x0000000086700000| PB 0x0000000086700000| Untracked 
|  50|0x0000000086800000, 0x0000000086900000, 0x0000000086900000|100%| O|  |TAMS 0x0000000086800000| PB 0x0000000086800000| Untracked 
|  51|0x0000000086900000, 0x0000000086a00000, 0x0000000086a00000|100%|HS|  |TAMS 0x0000000086900000| PB 0x0000000086900000| Complete 
|  52|0x0000000086a00000, 0x0000000086b00000, 0x0000000086b00000|100%| O|  |TAMS 0x0000000086a00000| PB 0x0000000086a00000| Untracked 
|  53|0x0000000086b00000, 0x0000000086c00000, 0x0000000086c00000|100%| O|  |TAMS 0x0000000086b00000| PB 0x0000000086b00000| Untracked 
|  54|0x0000000086c00000, 0x0000000086d00000, 0x0000000086d00000|100%| O|  |TAMS 0x0000000086c00000| PB 0x0000000086c00000| Untracked 
|  55|0x0000000086d00000, 0x0000000086d00000, 0x0000000086e00000|  0%| F|  |TAMS 0x0000000086d00000| PB 0x0000000086d00000| Untracked 
|  56|0x0000000086e00000, 0x0000000086e00000, 0x0000000086f00000|  0%| F|  |TAMS 0x0000000086e00000| PB 0x0000000086e00000| Untracked 
|  57|0x0000000086f00000, 0x0000000087000000, 0x0000000087000000|100%| O|  |TAMS 0x0000000086f00000| PB 0x0000000086f00000| Untracked 
|  58|0x0000000087000000, 0x0000000087100000, 0x0000000087100000|100%| O|  |TAMS 0x0000000087000000| PB 0x0000000087000000| Untracked 
|  59|0x0000000087100000, 0x0000000087200000, 0x0000000087200000|100%| O|  |TAMS 0x0000000087100000| PB 0x0000000087100000| Untracked 
|  60|0x0000000087200000, 0x0000000087300000, 0x0000000087300000|100%| O|  |TAMS 0x0000000087200000| PB 0x0000000087200000| Untracked 
|  61|0x0000000087300000, 0x0000000087400000, 0x0000000087400000|100%| O|  |TAMS 0x0000000087300000| PB 0x0000000087300000| Untracked 
|  62|0x0000000087400000, 0x0000000087500000, 0x0000000087500000|100%| O|  |TAMS 0x0000000087400000| PB 0x0000000087400000| Untracked 
|  63|0x0000000087500000, 0x0000000087600000, 0x0000000087600000|100%| O|  |TAMS 0x0000000087500000| PB 0x0000000087500000| Untracked 
|  64|0x0000000087600000, 0x0000000087700000, 0x0000000087700000|100%| O|  |TAMS 0x0000000087600000| PB 0x0000000087600000| Untracked 
|  65|0x0000000087700000, 0x0000000087700000, 0x0000000087800000|  0%| F|  |TAMS 0x0000000087700000| PB 0x0000000087700000| Untracked 
|  66|0x0000000087800000, 0x0000000087800000, 0x0000000087900000|  0%| F|  |TAMS 0x0000000087800000| PB 0x0000000087800000| Untracked 
|  67|0x0000000087900000, 0x0000000087900000, 0x0000000087a00000|  0%| F|  |TAMS 0x0000000087900000| PB 0x0000000087900000| Untracked 
|  68|0x0000000087a00000, 0x0000000087a00000, 0x0000000087b00000|  0%| F|  |TAMS 0x0000000087a00000| PB 0x0000000087a00000| Untracked 
|  69|0x0000000087b00000, 0x0000000087b00000, 0x0000000087c00000|  0%| F|  |TAMS 0x0000000087b00000| PB 0x0000000087b00000| Untracked 
|  70|0x0000000087c00000, 0x0000000087c00000, 0x0000000087d00000|  0%| F|  |TAMS 0x0000000087c00000| PB 0x0000000087c00000| Untracked 
|  71|0x0000000087d00000, 0x0000000087d00000, 0x0000000087e00000|  0%| F|  |TAMS 0x0000000087d00000| PB 0x0000000087d00000| Untracked 
|  72|0x0000000087e00000, 0x0000000087e00000, 0x0000000087f00000|  0%| F|  |TAMS 0x0000000087e00000| PB 0x0000000087e00000| Untracked 
|  73|0x0000000087f00000, 0x0000000087f00000, 0x0000000088000000|  0%| F|  |TAMS 0x0000000087f00000| PB 0x0000000087f00000| Untracked 
|  74|0x0000000088000000, 0x0000000088100000, 0x0000000088100000|100%| O|  |TAMS 0x0000000088000000| PB 0x0000000088000000| Untracked 
|  75|0x0000000088100000, 0x0000000088200000, 0x0000000088200000|100%| O|  |TAMS 0x0000000088100000| PB 0x0000000088100000| Untracked 
|  76|0x0000000088200000, 0x0000000088300000, 0x0000000088300000|100%| O|  |TAMS 0x0000000088200000| PB 0x0000000088200000| Untracked 
|  77|0x0000000088300000, 0x0000000088400000, 0x0000000088400000|100%| O|  |TAMS 0x0000000088300000| PB 0x0000000088300000| Untracked 
|  78|0x0000000088400000, 0x0000000088500000, 0x0000000088500000|100%| O|  |TAMS 0x0000000088400000| PB 0x0000000088400000| Untracked 
|  79|0x0000000088500000, 0x0000000088600000, 0x0000000088600000|100%| O|  |TAMS 0x0000000088500000| PB 0x0000000088500000| Untracked 
|  80|0x0000000088600000, 0x0000000088700000, 0x0000000088700000|100%| O|  |TAMS 0x0000000088600000| PB 0x0000000088600000| Untracked 
|  81|0x0000000088700000, 0x0000000088800000, 0x0000000088800000|100%| O|  |TAMS 0x0000000088700000| PB 0x0000000088700000| Untracked 
|  82|0x0000000088800000, 0x0000000088900000, 0x0000000088900000|100%| O|  |TAMS 0x0000000088800000| PB 0x0000000088800000| Untracked 
|  83|0x0000000088900000, 0x0000000088a00000, 0x0000000088a00000|100%| O|  |TAMS 0x0000000088900000| PB 0x0000000088900000| Untracked 
|  84|0x0000000088a00000, 0x0000000088b00000, 0x0000000088b00000|100%| O|  |TAMS 0x0000000088a00000| PB 0x0000000088a00000| Untracked 
|  85|0x0000000088b00000, 0x0000000088c00000, 0x0000000088c00000|100%| O|  |TAMS 0x0000000088b00000| PB 0x0000000088b00000| Untracked 
|  86|0x0000000088c00000, 0x0000000088d00000, 0x0000000088d00000|100%| O|  |TAMS 0x0000000088c00000| PB 0x0000000088c00000| Untracked 
|  87|0x0000000088d00000, 0x0000000088e00000, 0x0000000088e00000|100%| O|  |TAMS 0x0000000088d00000| PB 0x0000000088d00000| Untracked 
|  88|0x0000000088e00000, 0x0000000088f00000, 0x0000000088f00000|100%| O|  |TAMS 0x0000000088e00000| PB 0x0000000088e00000| Untracked 
|  89|0x0000000088f00000, 0x0000000088fef400, 0x0000000089000000| 93%| O|  |TAMS 0x0000000088f00000| PB 0x0000000088f00000| Untracked 
|  90|0x0000000089000000, 0x0000000089000000, 0x0000000089100000|  0%| F|  |TAMS 0x0000000089000000| PB 0x0000000089000000| Untracked 
|  91|0x0000000089100000, 0x0000000089100000, 0x0000000089200000|  0%| F|  |TAMS 0x0000000089100000| PB 0x0000000089100000| Untracked 
|  92|0x0000000089200000, 0x0000000089200000, 0x0000000089300000|  0%| F|  |TAMS 0x0000000089200000| PB 0x0000000089200000| Untracked 
|  93|0x0000000089300000, 0x0000000089300000, 0x0000000089400000|  0%| F|  |TAMS 0x0000000089300000| PB 0x0000000089300000| Untracked 
|  94|0x0000000089400000, 0x0000000089400000, 0x0000000089500000|  0%| F|  |TAMS 0x0000000089400000| PB 0x0000000089400000| Untracked 
|  95|0x0000000089500000, 0x0000000089500000, 0x0000000089600000|  0%| F|  |TAMS 0x0000000089500000| PB 0x0000000089500000| Untracked 
|  96|0x0000000089600000, 0x0000000089600000, 0x0000000089700000|  0%| F|  |TAMS 0x0000000089600000| PB 0x0000000089600000| Untracked 
|  97|0x0000000089700000, 0x0000000089700000, 0x0000000089800000|  0%| F|  |TAMS 0x0000000089700000| PB 0x0000000089700000| Untracked 
|  98|0x0000000089800000, 0x0000000089800000, 0x0000000089900000|  0%| F|  |TAMS 0x0000000089800000| PB 0x0000000089800000| Untracked 
|  99|0x0000000089900000, 0x0000000089a00000, 0x0000000089a00000|100%| S|CS|TAMS 0x0000000089900000| PB 0x0000000089900000| Complete 
| 100|0x0000000089a00000, 0x0000000089b00000, 0x0000000089b00000|100%| S|CS|TAMS 0x0000000089a00000| PB 0x0000000089a00000| Complete 
| 101|0x0000000089b00000, 0x0000000089c00000, 0x0000000089c00000|100%| S|CS|TAMS 0x0000000089b00000| PB 0x0000000089b00000| Complete 
| 102|0x0000000089c00000, 0x0000000089d00000, 0x0000000089d00000|100%| S|CS|TAMS 0x0000000089c00000| PB 0x0000000089c00000| Complete 
| 103|0x0000000089d00000, 0x0000000089e00000, 0x0000000089e00000|100%| S|CS|TAMS 0x0000000089d00000| PB 0x0000000089d00000| Complete 
| 104|0x0000000089e00000, 0x0000000089f00000, 0x0000000089f00000|100%| S|CS|TAMS 0x0000000089e00000| PB 0x0000000089e00000| Complete 
| 105|0x0000000089f00000, 0x000000008a000000, 0x000000008a000000|100%| S|CS|TAMS 0x0000000089f00000| PB 0x0000000089f00000| Complete 
| 106|0x000000008a000000, 0x000000008a000000, 0x000000008a100000|  0%| F|  |TAMS 0x000000008a000000| PB 0x000000008a000000| Untracked 
| 107|0x000000008a100000, 0x000000008a100000, 0x000000008a200000|  0%| F|  |TAMS 0x000000008a100000| PB 0x000000008a100000| Untracked 
| 108|0x000000008a200000, 0x000000008a200000, 0x000000008a300000|  0%| F|  |TAMS 0x000000008a200000| PB 0x000000008a200000| Untracked 
| 109|0x000000008a300000, 0x000000008a300000, 0x000000008a400000|  0%| F|  |TAMS 0x000000008a300000| PB 0x000000008a300000| Untracked 
| 110|0x000000008a400000, 0x000000008a400000, 0x000000008a500000|  0%| F|  |TAMS 0x000000008a400000| PB 0x000000008a400000| Untracked 
| 111|0x000000008a500000, 0x000000008a500000, 0x000000008a600000|  0%| F|  |TAMS 0x000000008a500000| PB 0x000000008a500000| Untracked 
| 112|0x000000008a600000, 0x000000008a600000, 0x000000008a700000|  0%| F|  |TAMS 0x000000008a600000| PB 0x000000008a600000| Untracked 
| 113|0x000000008a700000, 0x000000008a700000, 0x000000008a800000|  0%| F|  |TAMS 0x000000008a700000| PB 0x000000008a700000| Untracked 
| 114|0x000000008a800000, 0x000000008a800000, 0x000000008a900000|  0%| F|  |TAMS 0x000000008a800000| PB 0x000000008a800000| Untracked 
| 115|0x000000008a900000, 0x000000008a900000, 0x000000008aa00000|  0%| F|  |TAMS 0x000000008a900000| PB 0x000000008a900000| Untracked 
| 116|0x000000008aa00000, 0x000000008aa00000, 0x000000008ab00000|  0%| F|  |TAMS 0x000000008aa00000| PB 0x000000008aa00000| Untracked 
| 117|0x000000008ab00000, 0x000000008ab00000, 0x000000008ac00000|  0%| F|  |TAMS 0x000000008ab00000| PB 0x000000008ab00000| Untracked 
| 118|0x000000008ac00000, 0x000000008ac00000, 0x000000008ad00000|  0%| F|  |TAMS 0x000000008ac00000| PB 0x000000008ac00000| Untracked 
| 119|0x000000008ad00000, 0x000000008ad00000, 0x000000008ae00000|  0%| F|  |TAMS 0x000000008ad00000| PB 0x000000008ad00000| Untracked 
| 120|0x000000008ae00000, 0x000000008ae00000, 0x000000008af00000|  0%| F|  |TAMS 0x000000008ae00000| PB 0x000000008ae00000| Untracked 
| 121|0x000000008af00000, 0x000000008af00000, 0x000000008b000000|  0%| F|  |TAMS 0x000000008af00000| PB 0x000000008af00000| Untracked 
| 122|0x000000008b000000, 0x000000008b000000, 0x000000008b100000|  0%| F|  |TAMS 0x000000008b000000| PB 0x000000008b000000| Untracked 
| 123|0x000000008b100000, 0x000000008b100000, 0x000000008b200000|  0%| F|  |TAMS 0x000000008b100000| PB 0x000000008b100000| Untracked 
| 124|0x000000008b200000, 0x000000008b200000, 0x000000008b300000|  0%| F|  |TAMS 0x000000008b200000| PB 0x000000008b200000| Untracked 
| 125|0x000000008b300000, 0x000000008b300000, 0x000000008b400000|  0%| F|  |TAMS 0x000000008b300000| PB 0x000000008b300000| Untracked 
| 126|0x000000008b400000, 0x000000008b400000, 0x000000008b500000|  0%| F|  |TAMS 0x000000008b400000| PB 0x000000008b400000| Untracked 
| 127|0x000000008b500000, 0x000000008b500000, 0x000000008b600000|  0%| F|  |TAMS 0x000000008b500000| PB 0x000000008b500000| Untracked 
| 128|0x000000008b600000, 0x000000008b600000, 0x000000008b700000|  0%| F|  |TAMS 0x000000008b600000| PB 0x000000008b600000| Untracked 
| 129|0x000000008b700000, 0x000000008b700000, 0x000000008b800000|  0%| F|  |TAMS 0x000000008b700000| PB 0x000000008b700000| Untracked 
| 130|0x000000008b800000, 0x000000008b800000, 0x000000008b900000|  0%| F|  |TAMS 0x000000008b800000| PB 0x000000008b800000| Untracked 
| 131|0x000000008b900000, 0x000000008b900000, 0x000000008ba00000|  0%| F|  |TAMS 0x000000008b900000| PB 0x000000008b900000| Untracked 
| 132|0x000000008ba00000, 0x000000008ba00000, 0x000000008bb00000|  0%| F|  |TAMS 0x000000008ba00000| PB 0x000000008ba00000| Untracked 
| 133|0x000000008bb00000, 0x000000008bb00000, 0x000000008bc00000|  0%| F|  |TAMS 0x000000008bb00000| PB 0x000000008bb00000| Untracked 
| 134|0x000000008bc00000, 0x000000008bc00000, 0x000000008bd00000|  0%| F|  |TAMS 0x000000008bc00000| PB 0x000000008bc00000| Untracked 
| 135|0x000000008bd00000, 0x000000008bd00000, 0x000000008be00000|  0%| F|  |TAMS 0x000000008bd00000| PB 0x000000008bd00000| Untracked 
| 136|0x000000008be00000, 0x000000008be00000, 0x000000008bf00000|  0%| F|  |TAMS 0x000000008be00000| PB 0x000000008be00000| Untracked 
| 137|0x000000008bf00000, 0x000000008bf00000, 0x000000008c000000|  0%| F|  |TAMS 0x000000008bf00000| PB 0x000000008bf00000| Untracked 
| 138|0x000000008c000000, 0x000000008c000000, 0x000000008c100000|  0%| F|  |TAMS 0x000000008c000000| PB 0x000000008c000000| Untracked 
| 139|0x000000008c100000, 0x000000008c100000, 0x000000008c200000|  0%| F|  |TAMS 0x000000008c100000| PB 0x000000008c100000| Untracked 
| 140|0x000000008c200000, 0x000000008c200000, 0x000000008c300000|  0%| F|  |TAMS 0x000000008c200000| PB 0x000000008c200000| Untracked 
| 141|0x000000008c300000, 0x000000008c300000, 0x000000008c400000|  0%| F|  |TAMS 0x000000008c300000| PB 0x000000008c300000| Untracked 
| 142|0x000000008c400000, 0x000000008c400000, 0x000000008c500000|  0%| F|  |TAMS 0x000000008c400000| PB 0x000000008c400000| Untracked 
| 143|0x000000008c500000, 0x000000008c500000, 0x000000008c600000|  0%| F|  |TAMS 0x000000008c500000| PB 0x000000008c500000| Untracked 
| 144|0x000000008c600000, 0x000000008c600000, 0x000000008c700000|  0%| F|  |TAMS 0x000000008c600000| PB 0x000000008c600000| Untracked 
| 145|0x000000008c700000, 0x000000008c700000, 0x000000008c800000|  0%| F|  |TAMS 0x000000008c700000| PB 0x000000008c700000| Untracked 
| 146|0x000000008c800000, 0x000000008c800000, 0x000000008c900000|  0%| F|  |TAMS 0x000000008c800000| PB 0x000000008c800000| Untracked 
| 147|0x000000008c900000, 0x000000008c900000, 0x000000008ca00000|  0%| F|  |TAMS 0x000000008c900000| PB 0x000000008c900000| Untracked 
| 148|0x000000008ca00000, 0x000000008ca00000, 0x000000008cb00000|  0%| F|  |TAMS 0x000000008ca00000| PB 0x000000008ca00000| Untracked 
| 149|0x000000008cb00000, 0x000000008cb00000, 0x000000008cc00000|  0%| F|  |TAMS 0x000000008cb00000| PB 0x000000008cb00000| Untracked 
| 150|0x000000008cc00000, 0x000000008cc00000, 0x000000008cd00000|  0%| F|  |TAMS 0x000000008cc00000| PB 0x000000008cc00000| Untracked 
| 151|0x000000008cd00000, 0x000000008cd00000, 0x000000008ce00000|  0%| F|  |TAMS 0x000000008cd00000| PB 0x000000008cd00000| Untracked 
|1987|0x00000000ff900000, 0x00000000ff900000, 0x00000000ffa00000|  0%| F|  |TAMS 0x00000000ff900000| PB 0x00000000ff900000| Untracked 
|1988|0x00000000ffa00000, 0x00000000ffa00000, 0x00000000ffb00000|  0%| F|  |TAMS 0x00000000ffa00000| PB 0x00000000ffa00000| Untracked 
|1989|0x00000000ffb00000, 0x00000000ffb00000, 0x00000000ffc00000|  0%| F|  |TAMS 0x00000000ffb00000| PB 0x00000000ffb00000| Untracked 
|1990|0x00000000ffc00000, 0x00000000ffc00000, 0x00000000ffd00000|  0%| F|  |TAMS 0x00000000ffc00000| PB 0x00000000ffc00000| Untracked 
|1991|0x00000000ffd00000, 0x00000000ffd00000, 0x00000000ffe00000|  0%| F|  |TAMS 0x00000000ffd00000| PB 0x00000000ffd00000| Untracked 
|1992|0x00000000ffe00000, 0x00000000ffe00000, 0x00000000fff00000|  0%| F|  |TAMS 0x00000000ffe00000| PB 0x00000000ffe00000| Untracked 
|1993|0x00000000fff00000, 0x00000000fff00000, 0x0000000100000000|  0%| F|  |TAMS 0x00000000fff00000| PB 0x00000000fff00000| Untracked 

Card table byte_map: [0x000002cbfee40000,0x000002cbff230000] _byte_map_base: 0x000002cbfea25000

Marking Bits: (CMBitMap*) 0x000002cbf7e94f50
 Bits: [0x000002cb80000000, 0x000002cb81f28000)

Polling page: 0x000002cbf5da0000

Metaspace:

Usage:
  Non-class:     61.45 MB used.
      Class:     10.28 MB used.
       Both:     71.73 MB used.

Virtual space:
  Non-class space:       64.00 MB reserved,      61.88 MB ( 97%) committed,  1 nodes.
      Class space:        1.00 GB reserved,      10.56 MB (  1%) committed,  1 nodes.
             Both:        1.06 GB reserved,      72.44 MB (  7%) committed. 

Chunk freelists:
   Non-Class:  1.79 MB
       Class:  5.26 MB
        Both:  7.06 MB

MaxMetaspaceSize: unlimited
CompressedClassSpaceSize: 1.00 GB
Initial GC threshold: 21.00 MB
Current GC threshold: 120.56 MB
CDS: on
 - commit_granule_bytes: 65536.
 - commit_granule_words: 8192.
 - virtual_space_node_default_size: 8388608.
 - enlarge_chunks_in_place: 1.
 - use_allocation_guard: 0.


Internal statistics:

num_allocs_failed_limit: 8.
num_arena_births: 940.
num_arena_deaths: 0.
num_vsnodes_births: 2.
num_vsnodes_deaths: 0.
num_space_committed: 1159.
num_space_uncommitted: 0.
num_chunks_returned_to_freelist: 8.
num_chunks_taken_from_freelist: 3375.
num_chunk_merges: 8.
num_chunk_splits: 2544.
num_chunks_enlarged: 2052.
num_inconsistent_stats: 0.

CodeCache: size=49152Kb used=13673Kb max_used=14153Kb free=35478Kb
 bounds [0x000002cbfb940000, 0x000002cbfc720000, 0x000002cbfe940000]
 total_blobs=7321 nmethods=6575 adapters=665
 compilation: enabled
              stopped_count=0, restarted_count=0
 full_count=0

Compilation events (20 events):
Event: 9.229 Thread 0x000002cbc91ba430 nmethod 7292 0x000002cbfbf7db90 code [0x000002cbfbf7dd40, 0x000002cbfbf7df40]
Event: 9.229 Thread 0x000002cbc9853db0 nmethod 7293 0x000002cbfbbdff90 code [0x000002cbfbbe0140, 0x000002cbfbbe0238]
Event: 9.229 Thread 0x000002cbffd10730 nmethod 7295 0x000002cbfbe21b90 code [0x000002cbfbe21d40, 0x000002cbfbe22128]
Event: 9.230 Thread 0x000002cbc9852fd0 nmethod 7294 0x000002cbfbe8e890 code [0x000002cbfbe8ea80, 0x000002cbfbe8ee58]
Event: 9.323 Thread 0x000002cbc9853db0 7296       1       java.util.ArrayList::equalsArrayList (108 bytes)
Event: 9.324 Thread 0x000002cbc9853db0 nmethod 7296 0x000002cbfbeeef10 code [0x000002cbfbeef0e0, 0x000002cbfbeef490]
Event: 9.427 Thread 0x000002cbc9853db0 7297       1       org.antlr.v4.runtime.Parser::match (90 bytes)
Event: 9.427 Thread 0x000002cbc91ba430 7298       1       org.antlr.v4.runtime.ParserRuleContext::<init> (5 bytes)
Event: 9.427 Thread 0x000002cbffd10730 7299       1       org.antlr.v4.runtime.RuleContext::<init> (10 bytes)
Event: 9.427 Thread 0x000002cbc9852fd0 7300       1       org.antlr.v4.runtime.ParserRuleContext::copyFrom (99 bytes)
Event: 9.427 Thread 0x000002cbc91ba430 nmethod 7298 0x000002cbfbc51490 code [0x000002cbfbc51620, 0x000002cbfbc516f0]
Event: 9.427 Thread 0x000002cbffd10730 nmethod 7299 0x000002cbfbc56690 code [0x000002cbfbc56820, 0x000002cbfbc568f0]
Event: 9.428 Thread 0x000002cbc9852fd0 nmethod 7300 0x000002cbfbe15810 code [0x000002cbfbe15a40, 0x000002cbfbe161c8]
Event: 9.428 Thread 0x000002cbc9853db0 nmethod 7297 0x000002cbfbb84890 code [0x000002cbfbb84ac0, 0x000002cbfbb85078]
Event: 9.454 Thread 0x000002cbc9853db0 7301       1       org.antlr.v4.runtime.misc.FlexibleHashMap::<init> (60 bytes)
Event: 9.455 Thread 0x000002cbc9853db0 nmethod 7301 0x000002cbfbfaf590 code [0x000002cbfbfaf780, 0x000002cbfbfafa30]
Event: 9.460 Thread 0x000002cbc9853db0 7302       1       org.antlr.v4.runtime.atn.PredictionMode::allConfigsInRuleStopStates (41 bytes)
Event: 9.460 Thread 0x000002cbc9853db0 nmethod 7302 0x000002cbfbb3a190 code [0x000002cbfbb3a360, 0x000002cbfbb3a608]
Event: 9.469 Thread 0x000002cbc9853db0 7303       1       org.antlr.v4.runtime.atn.PredictionMode::hasSLLConflictTerminatingPrediction (109 bytes)
Event: 9.469 Thread 0x000002cbc9853db0 nmethod 7303 0x000002cbfbedcf90 code [0x000002cbfbedd1c0, 0x000002cbfbedd6a0]

GC Heap History (20 events):
Event: 8.598 GC heap after
{Heap after GC invocations=22 (full 0):
 garbage-first heap   total 70656K, used 35540K [0x0000000083600000, 0x0000000100000000)
  region size 1024K, 2 young (2048K), 2 survivors (2048K)
 Metaspace       used 73284K, committed 73984K, reserved 1114112K
  class space    used 10481K, committed 10816K, reserved 1048576K
}
Event: 8.654 GC heap before
{Heap before GC invocations=22 (full 0):
 garbage-first heap   total 70656K, used 64212K [0x0000000083600000, 0x0000000100000000)
  region size 1024K, 30 young (30720K), 2 survivors (2048K)
 Metaspace       used 73295K, committed 74048K, reserved 1114112K
  class space    used 10484K, committed 10816K, reserved 1048576K
}
Event: 8.662 GC heap after
{Heap after GC invocations=23 (full 0):
 garbage-first heap   total 75776K, used 43521K [0x0000000083600000, 0x0000000100000000)
  region size 1024K, 4 young (4096K), 4 survivors (4096K)
 Metaspace       used 73295K, committed 74048K, reserved 1114112K
  class space    used 10484K, committed 10816K, reserved 1048576K
}
Event: 8.705 GC heap before
{Heap before GC invocations=23 (full 0):
 garbage-first heap   total 75776K, used 65025K [0x0000000083600000, 0x0000000100000000)
  region size 1024K, 25 young (25600K), 4 survivors (4096K)
 Metaspace       used 73302K, committed 74048K, reserved 1114112K
  class space    used 10486K, committed 10816K, reserved 1048576K
}
Event: 8.713 GC heap after
{Heap after GC invocations=24 (full 0):
 garbage-first heap   total 75776K, used 49648K [0x0000000083600000, 0x0000000100000000)
  region size 1024K, 4 young (4096K), 4 survivors (4096K)
 Metaspace       used 73302K, committed 74048K, reserved 1114112K
  class space    used 10486K, committed 10816K, reserved 1048576K
}
Event: 8.764 GC heap before
{Heap before GC invocations=24 (full 0):
 garbage-first heap   total 83968K, used 66032K [0x0000000083600000, 0x0000000100000000)
  region size 1024K, 20 young (20480K), 4 survivors (4096K)
 Metaspace       used 73311K, committed 74048K, reserved 1114112K
  class space    used 10487K, committed 10816K, reserved 1048576K
}
Event: 8.769 GC heap after
{Heap after GC invocations=25 (full 0):
 garbage-first heap   total 83968K, used 52484K [0x0000000083600000, 0x0000000100000000)
  region size 1024K, 3 young (3072K), 3 survivors (3072K)
 Metaspace       used 73311K, committed 74048K, reserved 1114112K
  class space    used 10487K, committed 10816K, reserved 1048576K
}
Event: 8.817 GC heap before
{Heap before GC invocations=26 (full 0):
 garbage-first heap   total 83968K, used 71940K [0x0000000083600000, 0x0000000100000000)
  region size 1024K, 22 young (22528K), 3 survivors (3072K)
 Metaspace       used 73311K, committed 74048K, reserved 1114112K
  class space    used 10487K, committed 10816K, reserved 1048576K
}
Event: 8.820 GC heap after
{Heap after GC invocations=27 (full 0):
 garbage-first heap   total 83968K, used 53991K [0x0000000083600000, 0x0000000100000000)
  region size 1024K, 3 young (3072K), 3 survivors (3072K)
 Metaspace       used 73311K, committed 74048K, reserved 1114112K
  class space    used 10487K, committed 10816K, reserved 1048576K
}
Event: 8.858 GC heap before
{Heap before GC invocations=27 (full 0):
 garbage-first heap   total 83968K, used 72423K [0x0000000083600000, 0x0000000100000000)
  region size 1024K, 22 young (22528K), 3 survivors (3072K)
 Metaspace       used 73311K, committed 74048K, reserved 1114112K
  class space    used 10487K, committed 10816K, reserved 1048576K
}
Event: 8.868 GC heap after
{Heap after GC invocations=28 (full 0):
 garbage-first heap   total 162816K, used 61365K [0x0000000083600000, 0x0000000100000000)
  region size 1024K, 3 young (3072K), 3 survivors (3072K)
 Metaspace       used 73311K, committed 74048K, reserved 1114112K
  class space    used 10487K, committed 10816K, reserved 1048576K
}
Event: 9.099 GC heap before
{Heap before GC invocations=28 (full 0):
 garbage-first heap   total 162816K, used 128949K [0x0000000083600000, 0x0000000100000000)
  region size 1024K, 68 young (69632K), 3 survivors (3072K)
 Metaspace       used 73311K, committed 74048K, reserved 1114112K
  class space    used 10487K, committed 10816K, reserved 1048576K
}
Event: 9.117 GC heap after
{Heap after GC invocations=29 (full 0):
 garbage-first heap   total 162816K, used 81920K [0x0000000083600000, 0x0000000100000000)
  region size 1024K, 9 young (9216K), 9 survivors (9216K)
 Metaspace       used 73311K, committed 74048K, reserved 1114112K
  class space    used 10487K, committed 10816K, reserved 1048576K
}
Event: 9.266 GC heap before
{Heap before GC invocations=29 (full 0):
 garbage-first heap   total 162816K, used 122880K [0x0000000083600000, 0x0000000100000000)
  region size 1024K, 49 young (50176K), 9 survivors (9216K)
 Metaspace       used 73452K, committed 74176K, reserved 1114112K
  class space    used 10525K, committed 10816K, reserved 1048576K
}
Event: 9.278 GC heap after
{Heap after GC invocations=30 (full 0):
 garbage-first heap   total 162816K, used 90474K [0x0000000083600000, 0x0000000100000000)
  region size 1024K, 7 young (7168K), 7 survivors (7168K)
 Metaspace       used 73452K, committed 74176K, reserved 1114112K
  class space    used 10525K, committed 10816K, reserved 1048576K
}
Event: 9.373 GC heap before
{Heap before GC invocations=30 (full 0):
 garbage-first heap   total 162816K, used 130410K [0x0000000083600000, 0x0000000100000000)
  region size 1024K, 46 young (47104K), 7 survivors (7168K)
 Metaspace       used 73452K, committed 74176K, reserved 1114112K
  class space    used 10525K, committed 10816K, reserved 1048576K
}
Event: 9.389 GC heap after
{Heap after GC invocations=31 (full 0):
 garbage-first heap   total 162816K, used 100674K [0x0000000083600000, 0x0000000100000000)
  region size 1024K, 6 young (6144K), 6 survivors (6144K)
 Metaspace       used 73452K, committed 74176K, reserved 1114112K
  class space    used 10525K, committed 10816K, reserved 1048576K
}
Event: 9.478 GC heap before
{Heap before GC invocations=32 (full 0):
 garbage-first heap   total 162816K, used 110914K [0x0000000083600000, 0x0000000100000000)
  region size 1024K, 40 young (40960K), 6 survivors (6144K)
 Metaspace       used 73453K, committed 74176K, reserved 1114112K
  class space    used 10525K, committed 10816K, reserved 1048576K
}
Event: 9.485 GC heap after
{Heap after GC invocations=33 (full 0):
 garbage-first heap   total 162816K, used 81666K [0x0000000083600000, 0x0000000100000000)
  region size 1024K, 5 young (5120K), 5 survivors (5120K)
 Metaspace       used 73453K, committed 74176K, reserved 1114112K
  class space    used 10525K, committed 10816K, reserved 1048576K
}
Event: 9.580 GC heap before
{Heap before GC invocations=33 (full 0):
 garbage-first heap   total 162816K, used 131842K [0x0000000083600000, 0x0000000100000000)
  region size 1024K, 53 young (54272K), 5 survivors (5120K)
 Metaspace       used 73453K, committed 74176K, reserved 1114112K
  class space    used 10525K, committed 10816K, reserved 1048576K
}

Dll operation events (12 events):
Event: 0.028 Loaded shared library D:\sts-4.27.0.RELEASE\plugins\org.eclipse.justj.openjdk.hotspot.jre.full.win32.x86_64_21.0.5.v20241023-1957\jre\bin\java.dll
Event: 0.078 Loaded shared library D:\sts-4.27.0.RELEASE\plugins\org.eclipse.justj.openjdk.hotspot.jre.full.win32.x86_64_21.0.5.v20241023-1957\jre\bin\zip.dll
Event: 0.191 Loaded shared library D:\sts-4.27.0.RELEASE\plugins\org.eclipse.justj.openjdk.hotspot.jre.full.win32.x86_64_21.0.5.v20241023-1957\jre\bin\jimage.dll
Event: 0.202 Loaded shared library D:\sts-4.27.0.RELEASE\plugins\org.eclipse.justj.openjdk.hotspot.jre.full.win32.x86_64_21.0.5.v20241023-1957\jre\bin\net.dll
Event: 0.206 Loaded shared library D:\sts-4.27.0.RELEASE\plugins\org.eclipse.justj.openjdk.hotspot.jre.full.win32.x86_64_21.0.5.v20241023-1957\jre\bin\nio.dll
Event: 0.210 Loaded shared library D:\sts-4.27.0.RELEASE\plugins\org.eclipse.justj.openjdk.hotspot.jre.full.win32.x86_64_21.0.5.v20241023-1957\jre\bin\zip.dll
Event: 0.354 Loaded shared library D:\sts-4.27.0.RELEASE\plugins\org.eclipse.justj.openjdk.hotspot.jre.full.win32.x86_64_21.0.5.v20241023-1957\jre\bin\management.dll
Event: 0.376 Loaded shared library D:\sts-4.27.0.RELEASE\plugins\org.eclipse.justj.openjdk.hotspot.jre.full.win32.x86_64_21.0.5.v20241023-1957\jre\bin\management_ext.dll
Event: 1.238 Loaded shared library D:\sts-4.27.0.RELEASE\plugins\org.eclipse.justj.openjdk.hotspot.jre.full.win32.x86_64_21.0.5.v20241023-1957\jre\bin\extnet.dll
Event: 2.591 Loaded shared library D:\sts-4.27.0.RELEASE\plugins\org.eclipse.justj.openjdk.hotspot.jre.full.win32.x86_64_21.0.5.v20241023-1957\jre\bin\sunmscapi.dll
Event: 4.157 Loaded shared library D:\apache-tomcat-10.1.24-windows-x64\apache-tomcat-10.1.24\bin\tcnative-2.dll
Event: 5.010 Loaded shared library D:\sts-4.27.0.RELEASE\plugins\org.eclipse.justj.openjdk.hotspot.jre.full.win32.x86_64_21.0.5.v20241023-1957\jre\bin\verify.dll

Deoptimization events (2 events):
Event: 2.320 Thread 0x000002cbc9cfab90 DEOPT PACKING pc=0x000002cbfc01a664 sp=0x000000f60e4fe070
Event: 2.320 Thread 0x000002cbc9cfab90 DEOPT UNPACKING pc=0x000002cbfb9988e2 sp=0x000000f60e4fd580 mode 0

Classes loaded (20 events):
Event: 7.913 Loading class java/util/stream/ReduceOps$CountingSink$OfRef
Event: 7.913 Loading class java/util/stream/ReduceOps$CountingSink
Event: 7.913 Loading class java/util/stream/ReduceOps$CountingSink done
Event: 7.913 Loading class java/util/stream/ReduceOps$CountingSink$OfRef done
Event: 7.944 Loading class java/lang/Character$UnicodeBlock
Event: 7.945 Loading class java/lang/Character$Subset
Event: 7.945 Loading class java/lang/Character$Subset done
Event: 7.946 Loading class java/lang/Character$UnicodeBlock done
Event: 7.991 Loading class java/util/regex/Pattern$Bound
Event: 7.992 Loading class java/util/regex/Pattern$Bound done
Event: 7.993 Loading class java/util/regex/Pattern$Behind
Event: 7.993 Loading class java/util/regex/Pattern$Behind done
Event: 8.035 Loading class java/util/EmptyStackException
Event: 8.036 Loading class java/util/EmptyStackException done
Event: 8.160 Loading class java/io/InvalidClassException
Event: 8.161 Loading class java/io/InvalidClassException done
Event: 9.213 Loading class java/util/WeakHashMap$KeyIterator
Event: 9.213 Loading class java/util/WeakHashMap$KeyIterator done
Event: 9.228 Loading class java/lang/invoke/MethodHandleImpl$CountingWrapper$1
Event: 9.229 Loading class java/lang/invoke/MethodHandleImpl$CountingWrapper$1 done

Classes unloaded (0 events):
No events

Classes redefined (0 events):
No events

Internal exceptions (20 events):
Event: 7.241 Thread 0x000002cbc9cfab90 Exception <a 'java/lang/NoSuchMethodError'{0x00000000868cb8e0}: 'void java.lang.invoke.DirectMethodHandle$Holder.invokeSpecial(java.lang.Object, java.lang.Object, int, java.lang.Object)'> (0x00000000868cb8e0) 
thrown [s\src\hotspot\share\interpreter\linkResolver.cpp, line 773]
Event: 7.241 Thread 0x000002cbc9cfab90 Exception <a 'java/lang/NoSuchMethodError'{0x00000000868d2518}: 'java.lang.Object java.lang.invoke.DirectMethodHandle$Holder.newInvokeSpecial(java.lang.Object, java.lang.Object, int)'> (0x00000000868d2518) 
thrown [s\src\hotspot\share\interpreter\linkResolver.cpp, line 773]
Event: 7.271 Thread 0x000002cbc9cfab90 Exception <a 'java/lang/NoSuchMethodError'{0x0000000086645df8}: 'int java.lang.invoke.DirectMethodHandle$Holder.invokeStatic(java.lang.Object, int, java.lang.Object)'> (0x0000000086645df8) 
thrown [s\src\hotspot\share\interpreter\linkResolver.cpp, line 773]
Event: 7.273 Thread 0x000002cbc9cfab90 Exception <a 'java/lang/NoSuchMethodError'{0x0000000086667a20}: 'java.lang.Object java.lang.invoke.DirectMethodHandle$Holder.newInvokeSpecial(java.lang.Object, java.lang.Object, java.lang.Object, java.lang.Object, java.lang.Object, int, java.lang.Object)'> (0x0000000086667a20) 
thrown [s\src\hotspot\share\interpreter\linkResolver.cpp, line 773]
Event: 7.276 Thread 0x000002cbc9cfab90 Exception <a 'java/lang/NoSuchMethodError'{0x000000008669f4d0}: 'java.lang.Object java.lang.invoke.DirectMethodHandle$Holder.newInvokeSpecial(java.lang.Object, java.lang.Object, java.lang.Object, java.lang.Object, java.lang.Object, java.lang.Object, java.lang.Object, java.lang.Object, java.lang.Object, java.lang.Object, java.lang.Object, java.lang.Object)'> (0x000000008669f4d0) 
thrown [s\src\hotspot\share\interpreter\linkResolver.cpp, line 773]
Event: 7.276 Thread 0x000002cbc9cfab90 Exception <a 'java/lang/NoSuchMethodError'{0x00000000866a8cc0}: 'java.lang.Object java.lang.invoke.Invokers$Holder.linkToTargetMethod(java.lang.Object, java.lang.Object, java.lang.Object, java.lang.Object, java.lang.Object, java.lang.Object, java.lang.Object, java.lang.Object, java.lang.Object, java.lang.Object, java.lang.Object, java.lang.Object)'> (0x00000000866a8cc0) 
thrown [s\src\hotspot\share\interpreter\linkResolver.cpp, line 773]
Event: 7.286 Thread 0x000002cbc9cfab90 Exception <a 'java/lang/IncompatibleClassChangeError'{0x0000000086542780}: Found class java.lang.Object, but interface was expected> (0x0000000086542780) 
thrown [s\src\hotspot\share\interpreter\linkResolver.cpp, line 840]
Event: 7.312 Thread 0x000002cbc9cfab90 Exception <a 'java/lang/IncompatibleClassChangeError'{0x0000000086462780}: Found class java.lang.Object, but interface was expected> (0x0000000086462780) 
thrown [s\src\hotspot\share\interpreter\linkResolver.cpp, line 840]
Event: 7.321 Thread 0x000002cbc9cfab90 Exception <a 'java/lang/NoSuchMethodError'{0x00000000864e5ec8}: 'java.lang.Object java.lang.invoke.DirectMethodHandle$Holder.newInvokeSpecial(java.lang.Object, java.lang.Object, java.lang.Object, java.lang.Object, java.lang.Object, java.lang.Object, java.lang.Object, int)'> (0x00000000864e5ec8) 
thrown [s\src\hotspot\share\interpreter\linkResolver.cpp, line 773]
Event: 7.321 Thread 0x000002cbc9cfab90 Exception <a 'java/lang/NoSuchMethodError'{0x00000000864ead28}: 'java.lang.Object java.lang.invoke.DirectMethodHandle$Holder.invokeSpecial(java.lang.Object, java.lang.Object, java.lang.Object, java.lang.Object, java.lang.Object, java.lang.Object, java.lang.Object, java.lang.Object, int)'> (0x00000000864ead28) 
thrown [s\src\hotspot\share\interpreter\linkResolver.cpp, line 773]
Event: 7.321 Thread 0x000002cbc9cfab90 Exception <a 'java/lang/NoSuchMethodError'{0x00000000864ef570}: 'java.lang.Object java.lang.invoke.Invokers$Holder.linkToTargetMethod(java.lang.Object, java.lang.Object, java.lang.Object, java.lang.Object, java.lang.Object, java.lang.Object, int, java.lang.Object)'> (0x00000000864ef570) 
thrown [s\src\hotspot\share\interpreter\linkResolver.cpp, line 773]
Event: 7.342 Thread 0x000002cbc9cfab90 Exception <a 'java/lang/NoSuchMethodError'{0x000000008621e088}: 'java.lang.Object java.lang.invoke.DirectMethodHandle$Holder.newInvokeSpecial(java.lang.Object, java.lang.Object, int, java.lang.Object, int, java.lang.Object, java.lang.Object)'> (0x000000008621e088) 
thrown [s\src\hotspot\share\interpreter\linkResolver.cpp, line 773]
Event: 7.352 Thread 0x000002cbc9cfab90 Exception <a 'java/lang/NoSuchMethodError'{0x000000008629c368}: 'void java.lang.invoke.DirectMethodHandle$Holder.invokeInterface(java.lang.Object, java.lang.Object)'> (0x000000008629c368) 
thrown [s\src\hotspot\share\interpreter\linkResolver.cpp, line 773]
Event: 7.638 Thread 0x000002cbc9cfab90 Exception <a 'java/lang/NoSuchMethodError'{0x0000000085c48510}: 'java.lang.Object java.lang.invoke.DirectMethodHandle$Holder.invokeSpecial(java.lang.Object, java.lang.Object, int, java.lang.Object, int)'> (0x0000000085c48510) 
thrown [s\src\hotspot\share\interpreter\linkResolver.cpp, line 773]
Event: 7.708 Thread 0x000002cbc9cfab90 Exception <a 'java/lang/IncompatibleClassChangeError'{0x0000000088e88840}: Found class java.lang.Object, but interface was expected> (0x0000000088e88840) 
thrown [s\src\hotspot\share\interpreter\linkResolver.cpp, line 840]
Event: 7.750 Thread 0x000002cbc9cfab90 Exception <a 'java/lang/IncompatibleClassChangeError'{0x0000000088c57f28}: Found class java.lang.Object, but interface was expected> (0x0000000088c57f28) 
thrown [s\src\hotspot\share\interpreter\linkResolver.cpp, line 840]
Event: 7.873 Thread 0x000002cbc9cfab90 Exception <a 'java/lang/IncompatibleClassChangeError'{0x00000000870c8e68}: Found class java.lang.Object, but interface was expected> (0x00000000870c8e68) 
thrown [s\src\hotspot\share\interpreter\linkResolver.cpp, line 840]
Event: 7.960 Thread 0x000002cbc9cfab90 Exception <a 'java/lang/IncompatibleClassChangeError'{0x0000000086dca4f0}: Found class java.lang.Object, but interface was expected> (0x0000000086dca4f0) 
thrown [s\src\hotspot\share\interpreter\linkResolver.cpp, line 840]
Event: 8.007 Thread 0x000002cbc9cfab90 Exception <a 'java/lang/NoSuchMethodError'{0x0000000086b956d8}: 'java.lang.Object java.lang.invoke.DirectMethodHandle$Holder.invokeStatic(java.lang.Object, int, java.lang.Object)'> (0x0000000086b956d8) 
thrown [s\src\hotspot\share\interpreter\linkResolver.cpp, line 773]
Event: 8.571 Thread 0x000002cbc9cfab90 Exception <a 'java/lang/NoSuchMethodError'{0x0000000085ec2598}: 'void java.lang.invoke.Invokers$Holder.invokeExact_MT(java.lang.Object, java.lang.Object, java.lang.Object, java.lang.Object)'> (0x0000000085ec2598) 
thrown [s\src\hotspot\share\interpreter\linkResolver.cpp, line 773]

ZGC Phase Switch (0 events):
No events

VM Operations (20 events):
Event: 8.769 Executing VM operation: G1CollectForAllocation (G1 Evacuation Pause) done
Event: 8.778 Executing VM operation: G1PauseCleanup
Event: 8.778 Executing VM operation: G1PauseCleanup done
Event: 8.817 Executing VM operation: G1CollectForAllocation (G1 Evacuation Pause)
Event: 8.820 Executing VM operation: G1CollectForAllocation (G1 Evacuation Pause) done
Event: 8.858 Executing VM operation: G1CollectForAllocation (G1 Evacuation Pause)
Event: 8.868 Executing VM operation: G1CollectForAllocation (G1 Evacuation Pause) done
Event: 9.099 Executing VM operation: G1CollectForAllocation (G1 Evacuation Pause)
Event: 9.117 Executing VM operation: G1CollectForAllocation (G1 Evacuation Pause) done
Event: 9.266 Executing VM operation: G1CollectForAllocation (G1 Evacuation Pause)
Event: 9.278 Executing VM operation: G1CollectForAllocation (G1 Evacuation Pause) done
Event: 9.373 Executing VM operation: G1CollectForAllocation (G1 Evacuation Pause)
Event: 9.389 Executing VM operation: G1CollectForAllocation (G1 Evacuation Pause) done
Event: 9.432 Executing VM operation: G1PauseRemark
Event: 9.435 Executing VM operation: G1PauseRemark done
Event: 9.454 Executing VM operation: G1PauseCleanup
Event: 9.454 Executing VM operation: G1PauseCleanup done
Event: 9.478 Executing VM operation: G1CollectForAllocation (G1 Evacuation Pause)
Event: 9.485 Executing VM operation: G1CollectForAllocation (G1 Evacuation Pause) done
Event: 9.580 Executing VM operation: G1CollectForAllocation (G1 Evacuation Pause)

Memory protections (0 events):
No events

Nmethod flushes (20 events):
Event: 8.756 Thread 0x000002cbffce58a0 flushing  nmethod 0x000002cbfbf2c810
Event: 8.756 Thread 0x000002cbffce58a0 flushing  nmethod 0x000002cbfbf69c90
Event: 8.756 Thread 0x000002cbffce58a0 flushing  nmethod 0x000002cbfbf6a110
Event: 8.756 Thread 0x000002cbffce58a0 flushing  nmethod 0x000002cbfbf6a990
Event: 8.756 Thread 0x000002cbffce58a0 flushing  nmethod 0x000002cbfbf6af90
Event: 8.756 Thread 0x000002cbffce58a0 flushing  nmethod 0x000002cbfbf6b290
Event: 8.756 Thread 0x000002cbffce58a0 flushing  nmethod 0x000002cbfbf6b710
Event: 8.756 Thread 0x000002cbffce58a0 flushing  nmethod 0x000002cbfbf6bb90
Event: 8.756 Thread 0x000002cbffce58a0 flushing  nmethod 0x000002cbfbf6bf90
Event: 8.756 Thread 0x000002cbffce58a0 flushing  nmethod 0x000002cbfbf6c410
Event: 8.756 Thread 0x000002cbffce58a0 flushing  nmethod 0x000002cbfbf6ca90
Event: 8.756 Thread 0x000002cbffce58a0 flushing  nmethod 0x000002cbfbf76d10
Event: 8.756 Thread 0x000002cbffce58a0 flushing  nmethod 0x000002cbfbfaa510
Event: 8.756 Thread 0x000002cbffce58a0 flushing  nmethod 0x000002cbfbfaa910
Event: 8.756 Thread 0x000002cbffce58a0 flushing osr nmethod 0x000002cbfbfcbe10
Event: 8.756 Thread 0x000002cbffce58a0 flushing  nmethod 0x000002cbfbffa110
Event: 8.756 Thread 0x000002cbffce58a0 flushing  nmethod 0x000002cbfc072710
Event: 8.756 Thread 0x000002cbffce58a0 flushing  nmethod 0x000002cbfc5c6610
Event: 8.756 Thread 0x000002cbffce58a0 flushing  nmethod 0x000002cbfc5c6910
Event: 8.756 Thread 0x000002cbffce58a0 flushing  nmethod 0x000002cbfc6ed390

Events (20 events):
Event: 0.174 Thread 0x000002cbffd10730 Thread added: 0x000002cbc91ba430
Event: 0.185 Thread 0x000002cbf7e3ca60 Thread added: 0x000002cbc92081b0
Event: 1.241 Thread 0x000002cbf7e3ca60 Thread added: 0x000002cbc97a58d0
Event: 1.276 Thread 0x000002cbf7e3ca60 Thread added: 0x000002cbc97b8760
Event: 1.312 Thread 0x000002cbf7e3ca60 Thread added: 0x000002cbc97d9420
Event: 1.412 Thread 0x000002cbffd10730 Thread added: 0x000002cbc9853db0
Event: 1.412 Thread 0x000002cbc9853db0 Thread added: 0x000002cbc9852fd0
Event: 1.571 Thread 0x000002cbc97b8760 Thread added: 0x000002cbc9bb3300
Event: 1.586 Thread 0x000002cbc9bb3300 Thread added: 0x000002cbc9c9d5d0
Event: 1.591 Thread 0x000002cbc97a58d0 Thread added: 0x000002cbc9c9dc30
Event: 1.610 Thread 0x000002cbc9c9dc30 Thread added: 0x000002cbc9c9bea0
Event: 1.635 Thread 0x000002cbf7e3ca60 Thread added: 0x000002cbc9cbef30
Event: 1.638 Thread 0x000002cbc9cbef30 Thread added: 0x000002cbc9cfab90
Event: 2.006 Thread 0x000002cbc9cfab90 Thread added: 0x000002cbc9cfb8b0
Event: 2.506 Thread 0x000002cbc9cfab90 Thread added: 0x000002cbc9cfb220
Event: 2.570 Thread 0x000002cbc9cfb220 Thread exited: 0x000002cbc9cfb220
Event: 2.626 Thread 0x000002cbc9cfb8b0 Thread exited: 0x000002cbc9cfb8b0
Event: 4.617 Thread 0x000002cbc9cfab90 Thread added: 0x000002cbc9cfc5d0
Event: 5.747 Thread 0x000002cbc9cfab90 Thread added: 0x000002cbc9cfcc60
Event: 5.864 Thread 0x000002cbc9cfcc60 Thread added: 0x000002cbc9cfb220


Dynamic libraries:
0x00007ff790680000 - 0x00007ff79068e000 	D:\sts-4.27.0.RELEASE\plugins\org.eclipse.justj.openjdk.hotspot.jre.full.win32.x86_64_21.0.5.v20241023-1957\jre\bin\javaw.exe
0x00007ffca0770000 - 0x00007ffca0987000 	C:\WINDOWS\SYSTEM32\ntdll.dll
0x00007ffca0110000 - 0x00007ffca01d4000 	C:\WINDOWS\System32\KERNEL32.DLL
0x00007ffc9def0000 - 0x00007ffc9e2c3000 	C:\WINDOWS\System32\KERNELBASE.dll
0x00007ffc9dd00000 - 0x00007ffc9de11000 	C:\WINDOWS\System32\ucrtbase.dll
0x00007ffc74c80000 - 0x00007ffc74c98000 	D:\sts-4.27.0.RELEASE\plugins\org.eclipse.justj.openjdk.hotspot.jre.full.win32.x86_64_21.0.5.v20241023-1957\jre\bin\jli.dll
0x00007ffc571d0000 - 0x00007ffc571ee000 	D:\sts-4.27.0.RELEASE\plugins\org.eclipse.justj.openjdk.hotspot.jre.full.win32.x86_64_21.0.5.v20241023-1957\jre\bin\VCRUNTIME140.dll
0x00007ffc9fec0000 - 0x00007ffca0071000 	C:\WINDOWS\System32\USER32.dll
0x00007ffc9de20000 - 0x00007ffc9de46000 	C:\WINDOWS\System32\win32u.dll
0x00007ffc86f30000 - 0x00007ffc871c8000 	C:\WINDOWS\WinSxS\amd64_microsoft.windows.common-controls_6595b64144ccf1df_6.0.22621.5124_none_270e8f4f7386d69d\COMCTL32.dll
0x00007ffc9e460000 - 0x00007ffc9e507000 	C:\WINDOWS\System32\msvcrt.dll
0x00007ffc9fa00000 - 0x00007ffc9fa29000 	C:\WINDOWS\System32\GDI32.dll
0x00007ffc9dbe0000 - 0x00007ffc9dcfb000 	C:\WINDOWS\System32\gdi32full.dll
0x00007ffc9de50000 - 0x00007ffc9deea000 	C:\WINDOWS\System32\msvcp_win.dll
0x00007ffc9f280000 - 0x00007ffc9f2b1000 	C:\WINDOWS\System32\IMM32.DLL
0x00007ffc82ef0000 - 0x00007ffc82efc000 	D:\sts-4.27.0.RELEASE\plugins\org.eclipse.justj.openjdk.hotspot.jre.full.win32.x86_64_21.0.5.v20241023-1957\jre\bin\vcruntime140_1.dll
0x00007ffc53f10000 - 0x00007ffc53f9d000 	D:\sts-4.27.0.RELEASE\plugins\org.eclipse.justj.openjdk.hotspot.jre.full.win32.x86_64_21.0.5.v20241023-1957\jre\bin\msvcp140.dll
0x00007ffc0a790000 - 0x00007ffc0b51f000 	D:\sts-4.27.0.RELEASE\plugins\org.eclipse.justj.openjdk.hotspot.jre.full.win32.x86_64_21.0.5.v20241023-1957\jre\bin\server\jvm.dll
0x00007ffc9f590000 - 0x00007ffc9f641000 	C:\WINDOWS\System32\ADVAPI32.dll
0x00007ffca0450000 - 0x00007ffca04f8000 	C:\WINDOWS\System32\sechost.dll
0x00007ffc9da40000 - 0x00007ffc9da68000 	C:\WINDOWS\System32\bcrypt.dll
0x00007ffc9f750000 - 0x00007ffc9f864000 	C:\WINDOWS\System32\RPCRT4.dll
0x00007ffca06b0000 - 0x00007ffca0721000 	C:\WINDOWS\System32\WS2_32.dll
0x00007ffc9d5a0000 - 0x00007ffc9d5ed000 	C:\WINDOWS\SYSTEM32\POWRPROF.dll
0x00007ffc95790000 - 0x00007ffc9579a000 	C:\WINDOWS\SYSTEM32\VERSION.dll
0x00007ffc98c60000 - 0x00007ffc98c94000 	C:\WINDOWS\SYSTEM32\WINMM.dll
0x00007ffc9d580000 - 0x00007ffc9d593000 	C:\WINDOWS\SYSTEM32\UMPDC.dll
0x00007ffc9c870000 - 0x00007ffc9c888000 	C:\WINDOWS\SYSTEM32\kernel.appcore.dll
0x00007ffc89e10000 - 0x00007ffc89e1a000 	D:\sts-4.27.0.RELEASE\plugins\org.eclipse.justj.openjdk.hotspot.jre.full.win32.x86_64_21.0.5.v20241023-1957\jre\bin\jimage.dll
0x00007ffc9b2e0000 - 0x00007ffc9b512000 	C:\WINDOWS\SYSTEM32\DBGHELP.DLL
0x00007ffc9eee0000 - 0x00007ffc9f272000 	C:\WINDOWS\System32\combase.dll
0x00007ffc9f920000 - 0x00007ffc9f9f7000 	C:\WINDOWS\System32\OLEAUT32.dll
0x00007ffc84f80000 - 0x00007ffc84fb2000 	C:\WINDOWS\SYSTEM32\dbgcore.DLL
0x00007ffc9e2d0000 - 0x00007ffc9e34b000 	C:\WINDOWS\System32\bcryptPrimitives.dll
0x00007ffc74ca0000 - 0x00007ffc74cbf000 	D:\sts-4.27.0.RELEASE\plugins\org.eclipse.justj.openjdk.hotspot.jre.full.win32.x86_64_21.0.5.v20241023-1957\jre\bin\java.dll
0x00007ffc9e640000 - 0x00007ffc9eed6000 	C:\WINDOWS\System32\SHELL32.dll
0x00007ffc9d880000 - 0x00007ffc9d9bf000 	C:\WINDOWS\System32\wintypes.dll
0x00007ffc9b750000 - 0x00007ffc9c06a000 	C:\WINDOWS\SYSTEM32\windows.storage.dll
0x00007ffc9e510000 - 0x00007ffc9e61a000 	C:\WINDOWS\System32\SHCORE.dll
0x00007ffc9f650000 - 0x00007ffc9f6b3000 	C:\WINDOWS\System32\shlwapi.dll
0x00007ffc9d7b0000 - 0x00007ffc9d7db000 	C:\WINDOWS\SYSTEM32\profapi.dll
0x00007ffc66fa0000 - 0x00007ffc66fb8000 	D:\sts-4.27.0.RELEASE\plugins\org.eclipse.justj.openjdk.hotspot.jre.full.win32.x86_64_21.0.5.v20241023-1957\jre\bin\zip.dll
0x00007ffc89b60000 - 0x00007ffc89b70000 	D:\sts-4.27.0.RELEASE\plugins\org.eclipse.justj.openjdk.hotspot.jre.full.win32.x86_64_21.0.5.v20241023-1957\jre\bin\net.dll
0x00007ffc99fa0000 - 0x00007ffc9a0cc000 	C:\WINDOWS\SYSTEM32\WINHTTP.dll
0x00007ffc9cce0000 - 0x00007ffc9cd4a000 	C:\WINDOWS\system32\mswsock.dll
0x00007ffc64cc0000 - 0x00007ffc64cd6000 	D:\sts-4.27.0.RELEASE\plugins\org.eclipse.justj.openjdk.hotspot.jre.full.win32.x86_64_21.0.5.v20241023-1957\jre\bin\nio.dll
0x00007ffc87c90000 - 0x00007ffc87c9a000 	D:\sts-4.27.0.RELEASE\plugins\org.eclipse.justj.openjdk.hotspot.jre.full.win32.x86_64_21.0.5.v20241023-1957\jre\bin\management.dll
0x00007ffc87200000 - 0x00007ffc8720b000 	D:\sts-4.27.0.RELEASE\plugins\org.eclipse.justj.openjdk.hotspot.jre.full.win32.x86_64_21.0.5.v20241023-1957\jre\bin\management_ext.dll
0x00007ffc9e630000 - 0x00007ffc9e638000 	C:\WINDOWS\System32\PSAPI.DLL
0x00007ffc7fb80000 - 0x00007ffc7fb97000 	C:\WINDOWS\system32\napinsp.dll
0x00007ffc7fb60000 - 0x00007ffc7fb7b000 	C:\WINDOWS\system32\pnrpnsp.dll
0x00007ffc9c340000 - 0x00007ffc9c442000 	C:\WINDOWS\SYSTEM32\DNSAPI.dll
0x00007ffc9c2d0000 - 0x00007ffc9c2fd000 	C:\WINDOWS\SYSTEM32\IPHLPAPI.DLL
0x00007ffc9f910000 - 0x00007ffc9f919000 	C:\WINDOWS\System32\NSI.dll
0x00007ffc7fb40000 - 0x00007ffc7fb51000 	C:\WINDOWS\System32\winrnr.dll
0x00007ffc7fb20000 - 0x00007ffc7fb35000 	C:\WINDOWS\system32\wshbth.dll
0x00007ffc7faf0000 - 0x00007ffc7fb17000 	C:\WINDOWS\system32\nlansp_c.dll
0x00007ffc98f40000 - 0x00007ffc98f4a000 	C:\Windows\System32\rasadhlp.dll
0x00007ffc98ad0000 - 0x00007ffc98b53000 	C:\WINDOWS\System32\fwpuclnt.dll
0x00007ffc9cfd0000 - 0x00007ffc9cfeb000 	C:\WINDOWS\SYSTEM32\CRYPTSP.dll
0x00007ffc9c7d0000 - 0x00007ffc9c807000 	C:\WINDOWS\system32\rsaenh.dll
0x00007ffc9cd80000 - 0x00007ffc9cda8000 	C:\WINDOWS\SYSTEM32\USERENV.dll
0x00007ffc9cee0000 - 0x00007ffc9ceec000 	C:\WINDOWS\SYSTEM32\CRYPTBASE.dll
0x00007ffc88720000 - 0x00007ffc88729000 	D:\sts-4.27.0.RELEASE\plugins\org.eclipse.justj.openjdk.hotspot.jre.full.win32.x86_64_21.0.5.v20241023-1957\jre\bin\extnet.dll
0x00007ffc89a60000 - 0x00007ffc89a6e000 	D:\sts-4.27.0.RELEASE\plugins\org.eclipse.justj.openjdk.hotspot.jre.full.win32.x86_64_21.0.5.v20241023-1957\jre\bin\sunmscapi.dll
0x00007ffc9da70000 - 0x00007ffc9dbd7000 	C:\WINDOWS\System32\CRYPT32.dll
0x00007ffc9d1a0000 - 0x00007ffc9d1cd000 	C:\WINDOWS\SYSTEM32\ncrypt.dll
0x00007ffc9d0f0000 - 0x00007ffc9d127000 	C:\WINDOWS\SYSTEM32\NTASN1.dll
0x0000000180000000 - 0x000000018034d000 	D:\apache-tomcat-10.1.24-windows-x64\apache-tomcat-10.1.24\bin\tcnative-2.dll
0x00007ffc89b30000 - 0x00007ffc89b40000 	D:\sts-4.27.0.RELEASE\plugins\org.eclipse.justj.openjdk.hotspot.jre.full.win32.x86_64_21.0.5.v20241023-1957\jre\bin\verify.dll

dbghelp: loaded successfully - version: 4.0.5 - missing functions: none
symbol engine: initialized successfully - sym options: 0x614 - pdb path: .;D:\sts-4.27.0.RELEASE\plugins\org.eclipse.justj.openjdk.hotspot.jre.full.win32.x86_64_21.0.5.v20241023-1957\jre\bin;C:\WINDOWS\SYSTEM32;C:\WINDOWS\WinSxS\amd64_microsoft.windows.common-controls_6595b64144ccf1df_6.0.22621.5124_none_270e8f4f7386d69d;D:\sts-4.27.0.RELEASE\plugins\org.eclipse.justj.openjdk.hotspot.jre.full.win32.x86_64_21.0.5.v20241023-1957\jre\bin\server;D:\apache-tomcat-10.1.24-windows-x64\apache-tomcat-10.1.24\bin

VM Arguments:
jvm_args: -Dcom.sun.management.jmxremote -Dcom.sun.management.jmxremote.port=51497 -Dcom.sun.management.jmxremote.authenticate=false -Dcom.sun.management.jmxremote.ssl=false -Djava.rmi.server.hostname=localhost -Dspring.jmx.enabled=true -Dmanagement.endpoints.jmx.exposure.include=* -Dspring.application.admin.enabled=true -XX:TieredStopAtLevel=1 -Dspring.boot.project.name=Pengtagon -Dfile.encoding=UTF-8 -Dstdout.encoding=UTF-8 -Dstderr.encoding=UTF-8 -XX:+ShowCodeDetailsInExceptionMessages 
java_command: com.pentagon.app.PengtagonApplication --spring.output.ansi.enabled=always
java_class_path (initial): D:\VS_projects\PentagonSpaceWebsite\Pengtagon\target\classes;C:\Users\SR\.m2\repository\org\springframework\boot\spring-boot-starter-security\3.4.5\spring-boot-starter-security-3.4.5.jar;C:\Users\SR\.m2\repository\org\springframework\boot\spring-boot-starter\3.4.5\spring-boot-starter-3.4.5.jar;C:\Users\SR\.m2\repository\org\springframework\boot\spring-boot-starter-logging\3.4.5\spring-boot-starter-logging-3.4.5.jar;C:\Users\SR\.m2\repository\ch\qos\logback\logback-classic\1.5.18\logback-classic-1.5.18.jar;C:\Users\SR\.m2\repository\ch\qos\logback\logback-core\1.5.18\logback-core-1.5.18.jar;C:\Users\SR\.m2\repository\org\apache\logging\log4j\log4j-to-slf4j\2.24.3\log4j-to-slf4j-2.24.3.jar;C:\Users\SR\.m2\repository\org\apache\logging\log4j\log4j-api\2.24.3\log4j-api-2.24.3.jar;C:\Users\SR\.m2\repository\org\slf4j\jul-to-slf4j\2.0.17\jul-to-slf4j-2.0.17.jar;C:\Users\SR\.m2\repository\jakarta\annotation\jakarta.annotation-api\2.1.1\jakarta.annotation-api-2.1.1.jar;C:\Users\SR\.m2\repository\org\yaml\snakeyaml\2.3\snakeyaml-2.3.jar;C:\Users\SR\.m2\repository\org\springframework\spring-aop\6.2.6\spring-aop-6.2.6.jar;C:\Users\SR\.m2\repository\org\springframework\spring-beans\6.2.6\spring-beans-6.2.6.jar;C:\Users\SR\.m2\repository\org\springframework\security\spring-security-config\6.4.5\spring-security-config-6.4.5.jar;C:\Users\SR\.m2\repository\org\springframework\spring-context\6.2.6\spring-context-6.2.6.jar;C:\Users\SR\.m2\repository\org\springframework\security\spring-security-web\6.4.5\spring-security-web-6.4.5.jar;C:\Users\SR\.m2\repository\org\springframework\spring-expression\6.2.6\spring-expression-6.2.6.jar;C:\Users\SR\.m2\repository\org\springframework\boot\spring-boot-starter-web\3.4.5\spring-boot-starter-web-3.4.5.jar;C:\Users\SR\.m2\repository\org\springframework\boot\spring-boot-starter-json\3.4.5\spring-boot-starter-json-3.4.5.jar;C:\Users\SR\.m2\repository\com\fasterxml\jackson\datatype\jackson-datatype-jdk8\2.18.3\jackson-datatype-jdk8-2.18.3.jar;C:\Users\SR\.m2\repository\com\fasterxml\jackson\datatype\jackson-datatype-jsr310\2.18.3\jackson-datatype-jsr310-2.18.3.jar;C:\Users\SR\.m2\repository\com\fasterxml\jackson\module\jackson-module-parameter-names\2.18.3\jackson-module-parameter-names-2.18.3.jar;C:\Users\SR\.m2\repository\org\springframework\boot\spring-boot-starter-tomcat\3.4.5\spring-boot-starter-tomcat-3.4.5.jar;C:\Users\SR\.m2\repository\org\apache\tomcat\embed\tomcat-embed-core\10.1.40\tomcat-embed-core-10.1.40.jar;C:\Users\SR\.m2\repository\org\apache\tomcat\embed\tomcat-embed-websocket\10.1.40\tomcat-embed-websocket-10.1.40.jar;C:\Users\SR\.m2\repository\org\springframework\spring-web\6.2.6\spring-web-6.2.6.jar;C:\Users\SR\.m2\repository\io\micrometer\micrometer-observation\1.14.6\micrometer-observation-1.14.6.jar;C:\Users\SR\.m2\repository\io\micrometer\micrometer-commons\1.14.6\micrometer-commons-1.14.6.jar;C:\Users\SR\.m2\repository\org\springframework\spring-webmvc\6.2.6\spring-webmvc-6.2.6.jar;C:\Users\SR\.m2\repository\org\springframework\boot\spring-boot-devtools\3.4.5\spring-boot-devtools-3.4.5.jar;C:\Users\SR\.m2\repository\org\springframework\boot\spring-boot\3.4.5\spring-boot-3.4.5.jar;C:\Users\SR\.m2\repository\org\springframework\boot\spring-boot-autoconfigure\3.4.5\spring-boot-autoconfigure-3.4.5.jar;C:\Users\SR\.m2\repository\com\mysql\mysql-connector-j\9.1.0\mysql-connector-j-9.1.0.jar;C:\Users\SR\.m2\repository\org\projectlombok\lombok\1.18.38\lombok-1.18.38.jar;C:\Users\SR\.m2\repository\org\slf4j\slf4j-api\2.0.17\slf4j-api-2.0.17.jar;C:\Users\SR\.m2\repository\jakarta\xml\bind\jakarta.xml.bind-api\4.0.2\jakarta.xml.bind-api-4.0.2.jar;C:\Users\SR\.m2\repository\jakarta\activation\jakarta.activation-api\2.1.3\jakarta.activation-api-2.1.3.jar;C:\Users\SR\.m2\repository\net\bytebuddy\byte-buddy\1.15.11\byte-buddy-1.15.11.jar;C:\Users\SR\.m2\repository\org\springframework\spring-core\6.2.6\spring-core-6.2.6.jar;C:\Users\SR\.m2\repository\org\springframework\spring-jcl\6.2.6\spring-jcl-6.2.6.jar;C:\Users\SR\.m2\repository\org\springframework\security\spring-security-core\6.4.5\spring-security-core-6.4.5.jar;C:\Users\SR\.m2\repository\org\springframework\security\spring-security-crypto\6.4.5\spring-security-crypto-6.4.5.jar;C:\Users\SR\.m2\repository\org\springframework\boot\spring-boot-starter-validation\3.4.5\spring-boot-starter-validation-3.4.5.jar;C:\Users\SR\.m2\repository\org\apache\tomcat\embed\tomcat-embed-el\10.1.40\tomcat-embed-el-10.1.40.jar;C:\Users\SR\.m2\repository\org\hibernate\validator\hibernate-validator\8.0.2.Final\hibernate-validator-8.0.2.Final.jar;C:\Users\SR\.m2\repository\jakarta\validation\jakarta.validation-api\3.0.2\jakarta.validation-api-3.0.2.jar;C:\Users\SR\.m2\repository\org\jboss\logging\jboss-logging\3.6.1.Final\jboss-logging-3.6.1.Final.jar;C:\Users\SR\.m2\repository\com\fasterxml\classmate\1.7.0\classmate-1.7.0.jar;C:\Users\SR\.m2\repository\org\springframework\boot\spring-boot-starter-data-jpa\3.4.5\spring-boot-starter-data-jpa-3.4.5.jar;C:\Users\SR\.m2\repository\org\springframework\boot\spring-boot-starter-jdbc\3.4.5\spring-boot-starter-jdbc-3.4.5.jar;C:\Users\SR\.m2\repository\com\zaxxer\HikariCP\5.1.0\HikariCP-5.1.0.jar;C:\Users\SR\.m2\repository\org\springframework\spring-jdbc\6.2.6\spring-jdbc-6.2.6.jar;C:\Users\SR\.m2\repository\org\hibernate\orm\hibernate-core\6.6.13.Final\hibernate-core-6.6.13.Final.jar;C:\Users\SR\.m2\repository\jakarta\persistence\jakarta.persistence-api\3.1.0\jakarta.persistence-api-3.1.0.jar;C:\Users\SR\.m2\repository\jakarta\transaction\jakarta.transaction-api\2.0.1\jakarta.transaction-api-2.0.1.jar;C:\Users\SR\.m2\repository\org\hibernate\common\hibernate-commons-annotations\7.0.3.Final\hibernate-commons-annotations-7.0.3.Final.jar;C:\Users\SR\.m2\repository\io\smallrye\jandex\3.2.0\jandex-3.2.0.jar;C:\Users\SR\.m2\repository\org\glassfish\jaxb\jaxb-runtime\4.0.5\jaxb-runtime-4.0.5.jar;C:\Users\SR\.m2\repository\org\glassfish\jaxb\jaxb-core\4.0.5\jaxb-core-4.0.5.jar;C:\Users\SR\.m2\repository\org\glassfish\jaxb\txw2\4.0.5\txw2-4.0.5.jar;C:\Users\SR\.m2\repository\com\sun\istack\istack-commons-runtime\4.1.2\istack-commons-runtime-4.1.2.jar;C:\Users\SR\.m2\repository\jakarta\inject\jakarta.inject-api\2.0.1\jakarta.inject-api-2.0.1.jar;C:\Users\SR\.m2\repository\org\antlr\antlr4-runtime\4.13.0\antlr4-runtime-4.13.0.jar;C:\Users\SR\.m2\repository\org\springframework\data\spring-data-jpa\3.4.5\spring-data-jpa-3.4.5.jar;C:\Users\SR\.m2\repository\org\springframework\data\spring-data-commons\3.4.5\spring-data-commons-3.4.5.jar;C:\Users\SR\.m2\repository\org\springframework\spring-orm\6.2.6\spring-orm-6.2.6.jar;C:\Users\SR\.m2\repository\org\springframework\spring-tx\6.2.6\spring-tx-6.2.6.jar;C:\Users\SR\.m2\repository\org\springframework\spring-aspects\6.2.6\spring-aspects-6.2.6.jar;C:\Users\SR\.m2\repository\org\aspectj\aspectjweaver\1.9.24\aspectjweaver-1.9.24.jar;C:\Users\SR\.m2\repository\io\jsonwebtoken\jjwt-api\0.11.5\jjwt-api-0.11.5.jar;C:\Users\SR\.m2\repository\io\jsonwebtoken\jjwt-impl\0.11.5\jjwt-impl-0.11.5.jar;C:\Users\SR\.m2\repository\io\jsonwebtoken\jjwt-jackson\0.11.5\jjwt-jackson-0.11.5.jar;C:\Users\SR\.m2\repository\com\fasterxml\jackson\core\jackson-databind\2.18.3\jackson-databind-2.18.3.jar;C:\Users\SR\.m2\repository\com\fasterxml\jackson\core\jackson-annotations\2.18.3\jackson-annotations-2.18.3.jar;C:\Users\SR\.m2\repository\com\fasterxml\jackson\core\jackson-core\2.18.3\jackson-core-2.18.3.jar;C:\Users\SR\.m2\repository\org\springframework\boot\spring-boot-starter-mail\3.4.5\spring-boot-starter-mail-3.4.5.jar;C:\Users\SR\.m2\repository\org\springframework\spring-context-support\6.2.6\spring-context-support-6.2.6.jar;C:\Users\SR\.m2\repository\org\eclipse\angus\jakarta.mail\2.0.3\jakarta.mail-2.0.3.jar;C:\Users\SR\.m2\repository\org\eclipse\angus\angus-activation\2.0.2\angus-activation-2.0.2.jar;C:\Users\SR\.m2\repository\com\sun\mail\javax.mail\1.6.2\javax.mail-1.6.2.jar;C:\Users\SR\.m2\repository\javax\activation\activation\1.1\activation-1.1.jar;C:\Users\SR\.m2\repository\org\springdoc\springdoc-openapi-starter-webmvc-ui\2.8.5\springdoc-openapi-starter-webmvc-ui-2.8.5.jar;C:\Users\SR\.m2\repository\org\springdoc\springdoc-openapi-starter-webmvc-api\2.8.5\springdoc-openapi-starter-webmvc-api-2.8.5.jar;C:\Users\SR\.m2\repository\org\springdoc\springdoc-openapi-starter-common\2.8.5\springdoc-openapi-starter-common-2.8.5.jar;C:\Users\SR\.m2\repository\io\swagger\core\v3\swagger-core-jakarta\2.2.28\swagger-core-jakarta-2.2.28.jar;C:\Users\SR\.m2\repository\org\apache\commons\commons-lang3\3.17.0\commons-lang3-3.17.0.jar;C:\Users\SR\.m2\repository\io\swagger\core\v3\swagger-annotations-jakarta\2.2.28\swagger-annotations-jakarta-2.2.28.jar;C:\Users\SR\.m2\repository\io\swagger\core\v3\swagger-models-jakarta\2.2.28\swagger-models-jakarta-2.2.28.jar;C:\Users\SR\.m2\repository\com\fasterxml\jackson\dataformat\jackson-dataformat-yaml\2.18.3\jackson-dataformat-yaml-2.18.3.jar;C:\Users\SR\.m2\repository\org\webjars\swagger-ui\5.18.3\swagger-ui-5.18.3.jar;C:\Users\SR\.m2\repository\org\webjars\webjars-locator-lite\1.0.1\webjars-locator-lite-1.0.1.jar;C:\Users\SR\.m2\repository\org\jspecify\jspecify\1.0.0\jspecify-1.0.0.jar
Launcher Type: SUN_STANDARD

[Global flags]
     intx CICompilerCount                          = 4                                         {product} {ergonomic}
     uint ConcGCThreads                            = 2                                         {product} {ergonomic}
     uint G1ConcRefinementThreads                  = 8                                         {product} {ergonomic}
   size_t G1HeapRegionSize                         = 1048576                                   {product} {ergonomic}
    uintx GCDrainStackTargetSize                   = 64                                        {product} {ergonomic}
   size_t InitialHeapSize                          = 132120576                                 {product} {ergonomic}
     bool ManagementServer                         = true                                      {product} {command line}
   size_t MarkStackSize                            = 4194304                                   {product} {ergonomic}
   size_t MaxHeapSize                              = 2090860544                                {product} {ergonomic}
   size_t MaxNewSize                               = 1254096896                                {product} {ergonomic}
   size_t MinHeapDeltaBytes                        = 1048576                                   {product} {ergonomic}
   size_t MinHeapSize                              = 8388608                                   {product} {ergonomic}
    uintx NonNMethodCodeHeapSize                   = 4096                                   {pd product} {ergonomic}
    uintx NonProfiledCodeHeapSize                  = 0                                      {pd product} {ergonomic}
     bool ProfileInterpreter                       = false                                  {pd product} {command line}
    uintx ProfiledCodeHeapSize                     = 0                                      {pd product} {ergonomic}
     bool ShowCodeDetailsInExceptionMessages       = true                                   {manageable} {command line}
   size_t SoftMaxHeapSize                          = 2090860544                             {manageable} {ergonomic}
     intx TieredStopAtLevel                        = 1                                         {product} {command line}
     bool UseCompressedOops                        = true                           {product lp64_product} {ergonomic}
     bool UseG1GC                                  = true                                      {product} {ergonomic}
     bool UseLargePagesIndividualAllocation        = false                                  {pd product} {ergonomic}

Logging:
Log output configuration:
 #0: stdout all=warning uptime,level,tags foldmultilines=false
 #1: stderr all=off uptime,level,tags foldmultilines=false

Environment Variables:
PATH=D:/sts-4.27.0.RELEASE//plugins/org.eclipse.justj.openjdk.hotspot.jre.full.win32.x86_64_21.0.5.v20241023-1957/jre/bin/server;D:/sts-4.27.0.RELEASE//plugins/org.eclipse.justj.openjdk.hotspot.jre.full.win32.x86_64_21.0.5.v20241023-1957/jre/bin;C:\Program Files\Common Files\Oracle\Java\javapath;C:\Program Files\Python38\Scripts\;C:\Program Files\Python38\;C:\Program Files\Python311\Scripts\;C:\Program Files\Python311\;C:\WINDOWS\system32;C:\WINDOWS;C:\WINDOWS\System32\Wbem;C:\WINDOWS\System32\WindowsPowerShell\v1.0\;C:\WINDOWS\System32\OpenSSH\;C:\Program Files\Java\jdk-19\bin;C:\Program Files\Git\cmd;C:\MinGW\bin;C:\Program Files (x86)\Microsoft SQL Server\100\Tools\Binn\;C:\Program Files\Microsoft SQL Server\100\Tools\Binn\;C:\Program Files\Microsoft SQL Server\100\DTS\Binn\;C:\Program Files\Microsoft SQL Server\150\Tools\Binn\;C:\Program Files\Microsoft SQL Server\Client SDK\ODBC\170\Tools\Binn\;C:\Program Files\dotnet\;C:\Program Files (x86)\Microsoft SQL Server\160\Tools\Binn\;C:\Program Files\Microsoft SQL Server\160\Tools\Binn\;C:\Program Files\Microsoft SQL Server\160\DTS\Binn\;C:\Program Files (x86)\Microsoft SQL Server\160\DTS\Binn\;C:\Program Files\Azure Data Studio\bin;C:\Program Files\nodejs\;;C:\Program Files\Docker\Docker\resources\bin;C:\Users\SR\.console-ninja\.bin;C:\Users\SR\AppData\Local\Microsoft\WindowsApps;D:\Microsoft VS Code\bin;C:\Users\SR\AppData\Local\GitHubDesktop\bin;C:\MinGW\bin;C:\Users\SR\.dotnet\tools;C:\Program Files\Azure Data Studio\bin;D:\IntelliJ IDEA 2024.1.1\bin;;C:\Users\SR\AppData\Roaming\npm;D:\apache-maven-3.9.9\bin;D:\apache-tomcat-10.1.24-windows-x64\apache-tomcat-10.1.24\bin;;D:\sts-4.27.0.RELEASE;
USERNAME=SR
OS=Windows_NT
PROCESSOR_IDENTIFIER=Intel64 Family 6 Model 140 Stepping 1, GenuineIntel
TMP=C:\Users\SR\AppData\Local\Temp
TEMP=C:\Users\SR\AppData\Local\Temp




Periodic native trim disabled

---------------  S Y S T E M  ---------------

OS:
 Windows 11 , 64 bit Build 22621 (10.0.22621.5124)
OS uptime: 42 days 12:09 hours
Hyper-V role detected

CPU: total 8 (initial active 8) (4 cores per cpu, 2 threads per core) family 6 model 140 stepping 1 microcode 0x8a, cx8, cmov, fxsr, ht, mmx, 3dnowpref, sse, sse2, sse3, ssse3, sse4.1, sse4.2, popcnt, lzcnt, tsc, tscinvbit, avx, avx2, aes, erms, clmul, bmi1, bmi2, adx, avx512f, avx512dq, avx512cd, avx512bw, avx512vl, sha, fma, vzeroupper, avx512_vpopcntdq, avx512_vpclmulqdq, avx512_vaes, avx512_vnni, clflush, clflushopt, clwb, avx512_vbmi2, avx512_vbmi, hv, rdtscp, rdpid, fsrm, gfni, avx512_bitalg, f16c, cet_ibt, cet_ss, avx512_ifma
Processor Information for processor 0
  Max Mhz: 3110, Current Mhz: 3110, Mhz Limit: 3110
Processor Information for processor 1
  Max Mhz: 3110, Current Mhz: 3110, Mhz Limit: 3110
Processor Information for processor 2
  Max Mhz: 3110, Current Mhz: 3110, Mhz Limit: 3110
Processor Information for processor 3
  Max Mhz: 3110, Current Mhz: 3110, Mhz Limit: 3110
Processor Information for processor 4
  Max Mhz: 3110, Current Mhz: 1203, Mhz Limit: 3110
Processor Information for processor 5
  Max Mhz: 3110, Current Mhz: 3110, Mhz Limit: 3110
Processor Information for processor 6
  Max Mhz: 3110, Current Mhz: 3110, Mhz Limit: 3110
Processor Information for processor 7
  Max Mhz: 3110, Current Mhz: 3110, Mhz Limit: 3110

Memory: 4k page, system-wide physical 7975M (327M free)
TotalPageFile size 26725M (AvailPageFile size 169M)
current process WorkingSet (physical memory assigned to process): 336M, peak: 336M
current process commit charge ("private bytes"): 371M, peak: 548M

vm_info: OpenJDK 64-Bit Server VM (21.0.5+11-LTS) for windows-amd64 JRE (21.0.5+11-LTS), built on 2024-10-15T00:00:00Z by "admin" with MS VC++ 17.7 (VS2022)

END.
